#
# A fatal error has been detected by the Java Runtime Environment:
#
#  EXCEPTION_ACCESS_VIOLATION (0xc0000005) at pc=0x00007ffc364b302e, pid=11036, tid=2740
#
# JRE version: Java(TM) SE Runtime Environment (21.0.7+8) (build 21.0.7+8-LTS-245)
# Java VM: Java HotSpot(TM) 64-Bit Server VM (21.0.7+8-LTS-245, mixed mode, sharing, tiered, compressed oops, compressed class ptrs, g1 gc, windows-amd64)
# Problematic frame:
# V  [jvm.dll+0x6f302e]
#
# No core dump will be written. Minidumps are not enabled by default on client versions of Windows
#
# If you would like to submit a bug report, please visit:
#   https://bugreport.java.com/bugreport/crash.jsp
#

---------------  S U M M A R Y ------------

Command Line: -javaagent:C:\Program Files\JetBrains\IntelliJ IDEA Community Edition 2025.1.3\lib\idea_rt.jar=58093 -Dfile.encoding=UTF-8 -Dsun.stdout.encoding=UTF-8 -Dsun.stderr.encoding=UTF-8 com.example.hanaservizi_e.HanaserviziEApplication

Host: AMD Ryzen 5 5600GT with Radeon Graphics        , 12 cores, 13G,  Windows 11 , 64 bit Build 26100 (10.0.26100.5074)
Time: Mon Sep 22 00:50:16 2025 Hora est. Pacífico, Sudamérica elapsed time: 8.970013 seconds (0d 0h 0m 8s)

---------------  T H R E A D  ---------------

Current thread (0x00000176d427b400):  JavaThread "C2 CompilerThread0" daemon [_thread_in_native, id=2740, stack(0x0000002d2d100000,0x0000002d2d200000) (1024K)]


Current CompileTask:
C2:   8970 7958       4       org.springframework.core.ResolvableType::forType (112 bytes)

Stack: [0x0000002d2d100000,0x0000002d2d200000],  sp=0x0000002d2d1fbe70,  free space=1007k
Native frames: (J=compiled Java code, j=interpreted, Vv=VM code, C=native code)
V  [jvm.dll+0x6f302e]
V  [jvm.dll+0x25142e]
V  [jvm.dll+0x247ce6]
V  [jvm.dll+0x246004]
V  [jvm.dll+0x1c6efe]
V  [jvm.dll+0x255819]
V  [jvm.dll+0x253daa]
V  [jvm.dll+0x3eebb6]
V  [jvm.dll+0x7ffa1b]
V  [jvm.dll+0x6c94fd]
C  [ucrtbase.dll+0x37b0]
C  [KERNEL32.DLL+0x2e8d7]
C  [ntdll.dll+0x8d9c]


siginfo: EXCEPTION_ACCESS_VIOLATION (0xc0000005), reading address 0xffffffffffffffff


Registers:
RAX=0x0072006f00630020, RBX=0x0000000000003000, RCX=0x00000176d4361580, RDX=0x0000017720ef38c0
RSP=0x0000002d2d1fbe70, RBP=0x0000002d2d1fc160, RSI=0x0000017720ef38c0, RDI=0x0000000000000156
R8 =0x000001771c311ac0, R9 =0x0000000000000000, R10=0x0000000000000de1, R11=0x0000002d2d1fbdf0
R12=0x00000176d43e2038, R13=0x0000000000000000, R14=0x0000000000018000, R15=0x000001771c4539d8
RIP=0x00007ffc364b302e, EFLAGS=0x0000000000010202


Register to memory mapping:

RAX=0x0072006f00630020 is an unknown value
RBX=0x0000000000003000 is an unknown value
RCX=0x00000176d4361580 points into unknown readable memory: 0x0072006f00630020 | 20 00 63 00 6f 00 72 00
RDX=0x0000017720ef38c0 points into unknown readable memory: 0x0000002d2d1fe280 | 80 e2 1f 2d 2d 00 00 00
RSP=0x0000002d2d1fbe70 is pointing into the stack for thread: 0x00000176d427b400
RBP=0x0000002d2d1fc160 is pointing into the stack for thread: 0x00000176d427b400
RSI=0x0000017720ef38c0 points into unknown readable memory: 0x0000002d2d1fe280 | 80 e2 1f 2d 2d 00 00 00
RDI=0x0000000000000156 is an unknown value
R8 =0x000001771c311ac0 points into unknown readable memory: 0x00007ffc36810e98 | 98 0e 81 36 fc 7f 00 00
R9 =0x0 is null
R10=0x0000000000000de1 is an unknown value
R11=0x0000002d2d1fbdf0 is pointing into the stack for thread: 0x00000176d427b400
R12=0x00000176d43e2038 points into unknown readable memory: 0x00007ffc36810390 | 90 03 81 36 fc 7f 00 00
R13=0x0 is null
R14=0x0000000000018000 is an unknown value
R15=0x000001771c4539d8 points into unknown readable memory: 0x00000176d4288718 | 18 87 28 d4 76 01 00 00

Top of Stack: (sp=0x0000002d2d1fbe70)
0x0000002d2d1fbe70:   0000000000002ff9 0000002d2d1fc160
0x0000002d2d1fbe80:   0000017720ef38c0 00007ffc365d2bc0
0x0000002d2d1fbe90:   0000000080009405 000001771c311ac0
0x0000002d2d1fbea0:   000001771c4539d8 000000000000001a
0x0000002d2d1fbeb0:   0000002d2d1fc160 0000002d2d1fbf50
0x0000002d2d1fbec0:   0000017720100d00 00007ffc3601142e
0x0000002d2d1fbed0:   0000017720103320 0000000000000156
0x0000002d2d1fbee0:   0000000000001911 000001771f2d3ea0
0x0000002d2d1fbef0:   00000176d4254790 0000017700002000
0x0000002d2d1fbf00:   000001771f1a01a0 0000017700001911
0x0000002d2d1fbf10:   0000017700000200 000001771c456ba0
0x0000002d2d1fbf20:   0000000000000200 00000176d4254790
0x0000002d2d1fbf30:   0000000000000000 0000000000000000
0x0000002d2d1fbf40:   000001771c4539d8 0000000000000002
0x0000002d2d1fbf50:   00000176d426f690 0000002d2d1fe2d0
0x0000002d2d1fbf60:   0000002d2d1fc070 00007ffc36007ce6
0x0000002d2d1fbf70:   0000002d2d1fe2d0 0000002d2d1fe150
0x0000002d2d1fbf80:   0000002d0000001a 00000176d426f6e0
0x0000002d2d1fbf90:   000001771f5d6000 000001771a4169f0
0x0000002d2d1fbfa0:   000001771ff70000 0000000000000000
0x0000002d2d1fbfb0:   000001771c30ff10 00007ffc360a5100
0x0000002d2d1fbfc0:   000001771b136220 00007ffc3677b9d8
0x0000002d2d1fbfd0:   0000000000000000 0000002d2d1fe150
0x0000002d2d1fbfe0:   0000000000000000 00007ffc3677b9d8
0x0000002d2d1fbff0:   0000000000000000 0000000000000070
0x0000002d2d1fc000:   00000176b394e030 000001771c44fd80
0x0000002d2d1fc010:   00000000000302e8 000001771c457d68
0x0000002d2d1fc020:   0000000080000004 000001771c30ff10
0x0000002d2d1fc030:   000001771a4169f0 00000176d426f670
0x0000002d2d1fc040:   0000000080000001 0000000000000003
0x0000002d2d1fc050:   00000176d43e0000 0000000000000000
0x0000002d2d1fc060:   00000176d43e1ec8 0000000000000000 

Instructions: (pc=0x00007ffc364b302e)
0x00007ffc364b2f2e:   00 00 eb 24 48 83 e9 10 49 8b d6 48 89 4c 24 20
0x00007ffc364b2f3e:   48 8b 8e 68 09 00 00 e8 b6 60 fb ff 48 8b 4e 10
0x00007ffc364b2f4e:   49 8b d6 e8 0a e7 b5 ff 48 8b 44 24 20 48 3b 44
0x00007ffc364b2f5e:   24 30 0f 83 9d fd ff ff 48 8b ac 24 88 00 00 00
0x00007ffc364b2f6e:   4c 8b b4 24 90 00 00 00 4c 8b bc 24 98 00 00 00
0x00007ffc364b2f7e:   49 83 3c 24 00 74 13 49 8b d7 49 8b cd e8 70 26
0x00007ffc364b2f8e:   9d ff 49 8b cc e8 48 26 9d ff 49 39 6d 18 74 0c
0x00007ffc364b2f9e:   4d 89 65 10 49 89 6d 18 4d 89 75 20 48 8b 9c 24
0x00007ffc364b2fae:   80 00 00 00 48 83 c4 40 41 5f 41 5e 41 5d 41 5c
0x00007ffc364b2fbe:   5f 5e 5d c3 cc cc cc cc cc cc cc cc cc cc cc cc
0x00007ffc364b2fce:   cc cc 40 53 55 41 55 48 83 ec 40 48 8b 51 28 45
0x00007ffc364b2fde:   33 ed 41 8b dd 48 8b e9 39 5a 08 0f 86 24 01 00
0x00007ffc364b2fee:   00 4c 89 74 24 38 48 89 74 24 60 48 89 7c 24 68
0x00007ffc364b2ffe:   4c 89 64 24 70 4c 89 7c 24 30 0f 1f 84 00 00 00
0x00007ffc364b300e:   00 00 8b c3 4c 8d 34 c5 00 00 00 00 48 8b 42 10
0x00007ffc364b301e:   49 8b 0c 06 48 85 c9 0f 84 c0 00 00 00 48 8b 01
0x00007ffc364b302e:   ff 90 80 00 00 00 48 8b 75 28 4c 8b e0 8b 4e 08
0x00007ffc364b303e:   3b d9 0f 82 9d 00 00 00 85 c9 75 3e 4c 8b 0e c7
0x00007ffc364b304e:   46 08 01 00 00 00 49 8b 49 18 49 8b 41 20 48 2b
0x00007ffc364b305e:   c1 48 83 f8 08 72 0a 48 8d 41 08 49 89 41 18 eb
0x00007ffc364b306e:   12 45 33 c0 49 8b c9 41 8d 50 08 e8 82 22 9d ff
0x00007ffc364b307e:   48 8b c8 48 89 4e 10 4c 89 29 44 8b 7e 08 8d 53
0x00007ffc364b308e:   01 85 d2 74 04 85 d3 74 0c 0f bd ca ba 01 00 00
0x00007ffc364b309e:   00 ff c1 d3 e2 48 8b 0e 4a 8d 3c fd 00 00 00 00
0x00007ffc364b30ae:   44 8b ca 4c 8b c7 89 56 08 48 8b 56 10 49 c1 e1
0x00007ffc364b30be:   03 44 89 6c 24 20 e8 57 1e 9d ff 44 8b 46 08 33
0x00007ffc364b30ce:   d2 45 2b c7 48 89 46 10 49 c1 e0 03 48 8d 0c 07
0x00007ffc364b30de:   e8 2f 22 20 00 48 8b 46 10 4d 89 24 06 48 8b 55
0x00007ffc364b30ee:   28 ff c3 3b 5a 08 0f 82 16 ff ff ff 4c 8b 7c 24
0x00007ffc364b30fe:   30 4c 8b 74 24 38 4c 8b 64 24 70 48 8b 7c 24 68
0x00007ffc364b310e:   48 8b 74 24 60 48 83 c4 40 41 5d 5d 5b c3 cc cc
0x00007ffc364b311e:   cc cc 48 89 5c 24 08 48 89 74 24 10 57 48 83 ec 


Stack slot to memory mapping:

stack at sp + 0 slots: 0x0000000000002ff9 is an unknown value
stack at sp + 1 slots: 0x0000002d2d1fc160 is pointing into the stack for thread: 0x00000176d427b400
stack at sp + 2 slots: 0x0000017720ef38c0 points into unknown readable memory: 0x0000002d2d1fe280 | 80 e2 1f 2d 2d 00 00 00
stack at sp + 3 slots: 0x00007ffc365d2bc0 jvm.dll
stack at sp + 4 slots: 0x0000000080009405 is an unknown value
stack at sp + 5 slots: 0x000001771c311ac0 points into unknown readable memory: 0x00007ffc36810e98 | 98 0e 81 36 fc 7f 00 00
stack at sp + 6 slots: 0x000001771c4539d8 points into unknown readable memory: 0x00000176d4288718 | 18 87 28 d4 76 01 00 00
stack at sp + 7 slots: 0x000000000000001a is an unknown value


---------------  P R O C E S S  ---------------

Threads class SMR info:
_java_thread_list=0x000001771bb44ee0, length=22, elements={
0x00000176b34337e0, 0x00000176d4269500, 0x00000176d426c160, 0x00000176d4270650,
0x00000176d42710a0, 0x00000176d4271af0, 0x00000176d427a550, 0x00000176d427b400,
0x00000176d427d3d0, 0x00000176d42445f0, 0x00000176d4804340, 0x00000176d48049a0,
0x000001771a4b61e0, 0x000001771a00b630, 0x000001771cdd70d0, 0x000001771a5f1f80,
0x000001771bd5f7c0, 0x000001771cf21d50, 0x000001771b917020, 0x000001771b9190f0,
0x000001771a5a93e0, 0x000001771a5a7f70
}

Java Threads: ( => current thread )
  0x00000176b34337e0 JavaThread "main"                              [_thread_blocked, id=15864, stack(0x0000002d2c300000,0x0000002d2c400000) (1024K)]
  0x00000176d4269500 JavaThread "Reference Handler"          daemon [_thread_blocked, id=12468, stack(0x0000002d2cb00000,0x0000002d2cc00000) (1024K)]
  0x00000176d426c160 JavaThread "Finalizer"                  daemon [_thread_blocked, id=4948, stack(0x0000002d2cc00000,0x0000002d2cd00000) (1024K)]
  0x00000176d4270650 JavaThread "Signal Dispatcher"          daemon [_thread_blocked, id=13468, stack(0x0000002d2cd00000,0x0000002d2ce00000) (1024K)]
  0x00000176d42710a0 JavaThread "Attach Listener"            daemon [_thread_blocked, id=5844, stack(0x0000002d2ce00000,0x0000002d2cf00000) (1024K)]
  0x00000176d4271af0 JavaThread "Service Thread"             daemon [_thread_blocked, id=17908, stack(0x0000002d2cf00000,0x0000002d2d000000) (1024K)]
  0x00000176d427a550 JavaThread "Monitor Deflation Thread"   daemon [_thread_blocked, id=19516, stack(0x0000002d2d000000,0x0000002d2d100000) (1024K)]
=>0x00000176d427b400 JavaThread "C2 CompilerThread0"         daemon [_thread_in_native, id=2740, stack(0x0000002d2d100000,0x0000002d2d200000) (1024K)]
  0x00000176d427d3d0 JavaThread "C1 CompilerThread0"         daemon [_thread_blocked, id=17716, stack(0x0000002d2d200000,0x0000002d2d300000) (1024K)]
  0x00000176d42445f0 JavaThread "Common-Cleaner"             daemon [_thread_blocked, id=352, stack(0x0000002d2d300000,0x0000002d2d400000) (1024K)]
  0x00000176d4804340 JavaThread "Monitor Ctrl-Break"         daemon [_thread_in_native, id=18768, stack(0x0000002d2d500000,0x0000002d2d600000) (1024K)]
  0x00000176d48049a0 JavaThread "Notification Thread"        daemon [_thread_blocked, id=5088, stack(0x0000002d2d600000,0x0000002d2d700000) (1024K)]
  0x000001771a4b61e0 JavaThread "Thread-0"                          [_thread_blocked, id=19928, stack(0x0000002d2db00000,0x0000002d2dc00000) (1024K)]
  0x000001771a00b630 JavaThread "restartedMain"                     [_thread_in_Java, id=14876, stack(0x0000002d2dc00000,0x0000002d2dd00000) (1024K)]
  0x000001771cdd70d0 JavaThread "Catalina-utility-1"                [_thread_blocked, id=4752, stack(0x0000002d2e000000,0x0000002d2e100000) (1024K)]
  0x000001771a5f1f80 JavaThread "Catalina-utility-2"                [_thread_blocked, id=20128, stack(0x0000002d2e600000,0x0000002d2e700000) (1024K)]
  0x000001771bd5f7c0 JavaThread "container-0"                       [_thread_blocked, id=16448, stack(0x0000002d2e700000,0x0000002d2e800000) (1024K)]
  0x000001771cf21d50 JavaThread "mysql-cj-abandoned-connection-cleanup" daemon [_thread_blocked, id=19200, stack(0x0000002d2e800000,0x0000002d2e900000) (1024K)]
  0x000001771b917020 JavaThread "HikariPool-1:housekeeper"   daemon [_thread_blocked, id=6760, stack(0x0000002d2ea00000,0x0000002d2eb00000) (1024K)]
  0x000001771b9190f0 JavaThread "HikariPool-1:connection-adder" daemon [_thread_blocked, id=19872, stack(0x0000002d2eb00000,0x0000002d2ec00000) (1024K)]
  0x000001771a5a93e0 JavaThread "C2 CompilerThread1"         daemon [_thread_in_native, id=6356, stack(0x0000002d2d400000,0x0000002d2d500000) (1024K)]
  0x000001771a5a7f70 JavaThread "C2 CompilerThread2"         daemon [_thread_in_native, id=364, stack(0x0000002d2df00000,0x0000002d2e000000) (1024K)]
Total: 22

Other Threads:
  0x00000176d4255290 VMThread "VM Thread"                           [id=3680, stack(0x0000002d2ca00000,0x0000002d2cb00000) (1024K)]
  0x00000176d4243c60 WatcherThread "VM Periodic Task Thread"        [id=6024, stack(0x0000002d2c900000,0x0000002d2ca00000) (1024K)]
  0x00000176b399a340 WorkerThread "GC Thread#0"                     [id=17704, stack(0x0000002d2c400000,0x0000002d2c500000) (1024K)]
  0x000001771a091260 WorkerThread "GC Thread#1"                     [id=8952, stack(0x0000002d2d700000,0x0000002d2d800000) (1024K)]
  0x00000176d4de9350 WorkerThread "GC Thread#2"                     [id=15036, stack(0x0000002d2d800000,0x0000002d2d900000) (1024K)]
  0x00000176d4de96f0 WorkerThread "GC Thread#3"                     [id=5412, stack(0x0000002d2d900000,0x0000002d2da00000) (1024K)]
  0x00000176d4f685c0 WorkerThread "GC Thread#4"                     [id=5192, stack(0x0000002d2da00000,0x0000002d2db00000) (1024K)]
  0x000001771a3d9f90 WorkerThread "GC Thread#5"                     [id=18436, stack(0x0000002d2dd00000,0x0000002d2de00000) (1024K)]
  0x000001771a502490 WorkerThread "GC Thread#6"                     [id=18616, stack(0x0000002d2de00000,0x0000002d2df00000) (1024K)]
  0x000001771aaa1430 WorkerThread "GC Thread#7"                     [id=19292, stack(0x0000002d2e100000,0x0000002d2e200000) (1024K)]
  0x000001771aaa17d0 WorkerThread "GC Thread#8"                     [id=7412, stack(0x0000002d2e200000,0x0000002d2e300000) (1024K)]
  0x000001771aaa1f10 WorkerThread "GC Thread#9"                     [id=15644, stack(0x0000002d2e300000,0x0000002d2e400000) (1024K)]
  0x00000176b39aafb0 ConcurrentGCThread "G1 Main Marker"            [id=16372, stack(0x0000002d2c500000,0x0000002d2c600000) (1024K)]
  0x00000176b39ac530 WorkerThread "G1 Conc#0"                       [id=4136, stack(0x0000002d2c600000,0x0000002d2c700000) (1024K)]
  0x000001771aaa22b0 WorkerThread "G1 Conc#1"                       [id=10796, stack(0x0000002d2e400000,0x0000002d2e500000) (1024K)]
  0x000001771aa61030 WorkerThread "G1 Conc#2"                       [id=8860, stack(0x0000002d2e500000,0x0000002d2e600000) (1024K)]
  0x00000176d4116b30 ConcurrentGCThread "G1 Refine#0"               [id=19888, stack(0x0000002d2c700000,0x0000002d2c800000) (1024K)]
  0x00000176d4117450 ConcurrentGCThread "G1 Service"                [id=19436, stack(0x0000002d2c800000,0x0000002d2c900000) (1024K)]
Total: 18

Threads with active compile tasks:
C2 CompilerThread0     9029 7958       4       org.springframework.core.ResolvableType::forType (112 bytes)
C2 CompilerThread1     9029 7957       4       org.springframework.core.ResolvableType::resolveType (143 bytes)
C2 CompilerThread2     9029 7964       4       org.springframework.beans.factory.support.AbstractBeanFactory::isTypeMatch (745 bytes)
Total: 3

VM state: not at safepoint (normal execution)

VM Mutex/Monitor currently owned by a thread: None

Heap address: 0x0000000721a00000, size: 3558 MB, Compressed Oops mode: Zero based, Oop shift amount: 3

CDS archive(s) mapped at: [0x00000176d5000000-0x00000176d5c90000-0x00000176d5c90000), size 13172736, SharedBaseAddress: 0x00000176d5000000, ArchiveRelocationMode: 1.
Compressed class space mapped at: 0x00000176d6000000-0x0000017716000000, reserved size: 1073741824
Narrow klass base: 0x00000176d5000000, Narrow klass shift: 0, Narrow klass range: 0x100000000

GC Precious Log:
 CardTable entry size: 512
 Card Set container configuration: InlinePtr #cards 4 size 8 Array Of Cards #cards 16 size 48 Howl #buckets 8 coarsen threshold 3686 Howl Bitmap #cards 512 size 80 coarsen threshold 460 Card regions per heap region 1 cards per card region 4096
 CPUs: 12 total, 12 available
 Memory: 14229M
 Large Page Support: Disabled
 NUMA Support: Disabled
 Compressed Oops: Enabled (Zero based)
 Heap Region Size: 2M
 Heap Min Capacity: 8M
 Heap Initial Capacity: 224M
 Heap Max Capacity: 3558M
 Pre-touch: Disabled
 Parallel Workers: 10
 Concurrent Workers: 3
 Concurrent Refinement Workers: 10
 Periodic GC: Disabled

Heap:
 garbage-first heap   total 296960K, used 184908K [0x0000000721a00000, 0x0000000800000000)
  region size 2048K, 20 young (40960K), 3 survivors (6144K)
 Metaspace       used 78965K, committed 79680K, reserved 1179648K
  class space    used 10947K, committed 11264K, reserved 1048576K

Heap Regions: E=young(eden), S=young(survivor), O=old, HS=humongous(starts), HC=humongous(continues), CS=collection set, F=free, TAMS=top-at-mark-start, PB=parsable bottom
|   0|0x0000000721a00000, 0x0000000721c00000, 0x0000000721c00000|100%| O|  |TAMS 0x0000000721a00000| PB 0x0000000721a00000| Untracked 
|   1|0x0000000721c00000, 0x0000000721e00000, 0x0000000721e00000|100%| O|  |TAMS 0x0000000721c00000| PB 0x0000000721c00000| Untracked 
|   2|0x0000000721e00000, 0x0000000722000000, 0x0000000722000000|100%| O|  |TAMS 0x0000000721e00000| PB 0x0000000721e00000| Untracked 
|   3|0x0000000722000000, 0x0000000722200000, 0x0000000722200000|100%| O|  |TAMS 0x0000000722000000| PB 0x0000000722000000| Untracked 
|   4|0x0000000722200000, 0x0000000722400000, 0x0000000722400000|100%| O|  |TAMS 0x0000000722200000| PB 0x0000000722200000| Untracked 
|   5|0x0000000722400000, 0x0000000722600000, 0x0000000722600000|100%| O|  |TAMS 0x0000000722400000| PB 0x0000000722400000| Untracked 
|   6|0x0000000722600000, 0x0000000722800000, 0x0000000722800000|100%| O|  |TAMS 0x0000000722600000| PB 0x0000000722600000| Untracked 
|   7|0x0000000722800000, 0x0000000722a00000, 0x0000000722a00000|100%| O|  |TAMS 0x0000000722800000| PB 0x0000000722800000| Untracked 
|   8|0x0000000722a00000, 0x0000000722c00000, 0x0000000722c00000|100%| O|  |TAMS 0x0000000722a00000| PB 0x0000000722a00000| Untracked 
|   9|0x0000000722c00000, 0x0000000722e00000, 0x0000000722e00000|100%| O|  |TAMS 0x0000000722c00000| PB 0x0000000722c00000| Untracked 
|  10|0x0000000722e00000, 0x0000000722e00000, 0x0000000723000000|  0%| F|  |TAMS 0x0000000722e00000| PB 0x0000000722e00000| Untracked 
|  11|0x0000000723000000, 0x0000000723200000, 0x0000000723200000|100%| O|  |TAMS 0x0000000723000000| PB 0x0000000723000000| Untracked 
|  12|0x0000000723200000, 0x0000000723400000, 0x0000000723400000|100%| O|  |TAMS 0x0000000723200000| PB 0x0000000723200000| Untracked 
|  13|0x0000000723400000, 0x0000000723600000, 0x0000000723600000|100%| O|  |TAMS 0x0000000723400000| PB 0x0000000723400000| Untracked 
|  14|0x0000000723600000, 0x0000000723800000, 0x0000000723800000|100%| O|  |TAMS 0x0000000723600000| PB 0x0000000723600000| Untracked 
|  15|0x0000000723800000, 0x0000000723a00000, 0x0000000723a00000|100%| O|  |TAMS 0x0000000723800000| PB 0x0000000723800000| Untracked 
|  16|0x0000000723a00000, 0x0000000723c00000, 0x0000000723c00000|100%| O|  |TAMS 0x0000000723a00000| PB 0x0000000723a00000| Untracked 
|  17|0x0000000723c00000, 0x0000000723e00000, 0x0000000723e00000|100%| O|  |TAMS 0x0000000723c00000| PB 0x0000000723c00000| Untracked 
|  18|0x0000000723e00000, 0x0000000724000000, 0x0000000724000000|100%| O|  |TAMS 0x0000000723e00000| PB 0x0000000723e00000| Untracked 
|  19|0x0000000724000000, 0x0000000724000000, 0x0000000724200000|  0%| F|  |TAMS 0x0000000724000000| PB 0x0000000724000000| Untracked 
|  20|0x0000000724200000, 0x0000000724200000, 0x0000000724400000|  0%| F|  |TAMS 0x0000000724200000| PB 0x0000000724200000| Untracked 
|  21|0x0000000724400000, 0x0000000724400000, 0x0000000724600000|  0%| F|  |TAMS 0x0000000724400000| PB 0x0000000724400000| Untracked 
|  22|0x0000000724600000, 0x0000000724600000, 0x0000000724800000|  0%| F|  |TAMS 0x0000000724600000| PB 0x0000000724600000| Untracked 
|  23|0x0000000724800000, 0x0000000724a00000, 0x0000000724a00000|100%| O|  |TAMS 0x0000000724800000| PB 0x0000000724800000| Untracked 
|  24|0x0000000724a00000, 0x0000000724c00000, 0x0000000724c00000|100%| O|  |TAMS 0x0000000724a00000| PB 0x0000000724a00000| Untracked 
|  25|0x0000000724c00000, 0x0000000724c00000, 0x0000000724e00000|  0%| F|  |TAMS 0x0000000724c00000| PB 0x0000000724c00000| Untracked 
|  26|0x0000000724e00000, 0x0000000725000000, 0x0000000725000000|100%| O|  |TAMS 0x0000000724e00000| PB 0x0000000724e00000| Untracked 
|  27|0x0000000725000000, 0x0000000725200000, 0x0000000725200000|100%| O|  |TAMS 0x0000000725000000| PB 0x0000000725000000| Untracked 
|  28|0x0000000725200000, 0x0000000725400000, 0x0000000725400000|100%| O|  |TAMS 0x0000000725200000| PB 0x0000000725200000| Untracked 
|  29|0x0000000725400000, 0x0000000725600000, 0x0000000725600000|100%|HS|  |TAMS 0x0000000725400000| PB 0x0000000725400000| Complete 
|  30|0x0000000725600000, 0x0000000725600000, 0x0000000725800000|  0%| F|  |TAMS 0x0000000725600000| PB 0x0000000725600000| Untracked 
|  31|0x0000000725800000, 0x0000000725800000, 0x0000000725a00000|  0%| F|  |TAMS 0x0000000725800000| PB 0x0000000725800000| Untracked 
|  32|0x0000000725a00000, 0x0000000725c00000, 0x0000000725c00000|100%| O|  |TAMS 0x0000000725a00000| PB 0x0000000725a00000| Untracked 
|  33|0x0000000725c00000, 0x0000000725c00000, 0x0000000725e00000|  0%| F|  |TAMS 0x0000000725c00000| PB 0x0000000725c00000| Untracked 
|  34|0x0000000725e00000, 0x0000000725e00000, 0x0000000726000000|  0%| F|  |TAMS 0x0000000725e00000| PB 0x0000000725e00000| Untracked 
|  35|0x0000000726000000, 0x0000000726000000, 0x0000000726200000|  0%| F|  |TAMS 0x0000000726000000| PB 0x0000000726000000| Untracked 
|  36|0x0000000726200000, 0x0000000726400000, 0x0000000726400000|100%| O|  |TAMS 0x0000000726200000| PB 0x0000000726200000| Untracked 
|  37|0x0000000726400000, 0x0000000726400000, 0x0000000726600000|  0%| F|  |TAMS 0x0000000726400000| PB 0x0000000726400000| Untracked 
|  38|0x0000000726600000, 0x0000000726800000, 0x0000000726800000|100%| O|  |TAMS 0x0000000726600000| PB 0x0000000726600000| Untracked 
|  39|0x0000000726800000, 0x0000000726a00000, 0x0000000726a00000|100%| O|  |TAMS 0x0000000726800000| PB 0x0000000726800000| Untracked 
|  40|0x0000000726a00000, 0x0000000726c00000, 0x0000000726c00000|100%| O|  |TAMS 0x0000000726a00000| PB 0x0000000726a00000| Untracked 
|  41|0x0000000726c00000, 0x0000000726e00000, 0x0000000726e00000|100%| O|  |TAMS 0x0000000726c00000| PB 0x0000000726c00000| Untracked 
|  42|0x0000000726e00000, 0x0000000727000000, 0x0000000727000000|100%| O|  |TAMS 0x0000000726e00000| PB 0x0000000726e00000| Untracked 
|  43|0x0000000727000000, 0x0000000727200000, 0x0000000727200000|100%| O|  |TAMS 0x0000000727000000| PB 0x0000000727000000| Untracked 
|  44|0x0000000727200000, 0x0000000727400000, 0x0000000727400000|100%| O|  |TAMS 0x0000000727200000| PB 0x0000000727200000| Untracked 
|  45|0x0000000727400000, 0x0000000727600000, 0x0000000727600000|100%| O|  |TAMS 0x0000000727400000| PB 0x0000000727400000| Untracked 
|  46|0x0000000727600000, 0x0000000727800000, 0x0000000727800000|100%| O|  |TAMS 0x0000000727600000| PB 0x0000000727600000| Untracked 
|  47|0x0000000727800000, 0x0000000727a00000, 0x0000000727a00000|100%| O|  |TAMS 0x0000000727800000| PB 0x0000000727800000| Untracked 
|  48|0x0000000727a00000, 0x0000000727a00000, 0x0000000727c00000|  0%| F|  |TAMS 0x0000000727a00000| PB 0x0000000727a00000| Untracked 
|  49|0x0000000727c00000, 0x0000000727e00000, 0x0000000727e00000|100%| O|  |TAMS 0x0000000727c00000| PB 0x0000000727c00000| Untracked 
|  50|0x0000000727e00000, 0x0000000728000000, 0x0000000728000000|100%| O|  |TAMS 0x0000000727e00000| PB 0x0000000727e00000| Untracked 
|  51|0x0000000728000000, 0x0000000728200000, 0x0000000728200000|100%| O|  |TAMS 0x0000000728000000| PB 0x0000000728000000| Untracked 
|  52|0x0000000728200000, 0x0000000728400000, 0x0000000728400000|100%| O|  |TAMS 0x0000000728200000| PB 0x0000000728200000| Untracked 
|  53|0x0000000728400000, 0x0000000728600000, 0x0000000728600000|100%| O|  |TAMS 0x0000000728400000| PB 0x0000000728400000| Untracked 
|  54|0x0000000728600000, 0x0000000728800000, 0x0000000728800000|100%| O|  |TAMS 0x0000000728600000| PB 0x0000000728600000| Untracked 
|  55|0x0000000728800000, 0x0000000728a00000, 0x0000000728a00000|100%| O|  |TAMS 0x0000000728800000| PB 0x0000000728800000| Untracked 
|  56|0x0000000728a00000, 0x0000000728c00000, 0x0000000728c00000|100%| O|  |TAMS 0x0000000728a00000| PB 0x0000000728a00000| Untracked 
|  57|0x0000000728c00000, 0x0000000728e00000, 0x0000000728e00000|100%| O|  |TAMS 0x0000000728c00000| PB 0x0000000728c00000| Untracked 
|  58|0x0000000728e00000, 0x0000000729000000, 0x0000000729000000|100%| O|  |TAMS 0x0000000728e00000| PB 0x0000000728e00000| Untracked 
|  59|0x0000000729000000, 0x0000000729200000, 0x0000000729200000|100%| O|  |TAMS 0x0000000729000000| PB 0x0000000729000000| Untracked 
|  60|0x0000000729200000, 0x0000000729400000, 0x0000000729400000|100%| O|  |TAMS 0x0000000729200000| PB 0x0000000729200000| Untracked 
|  61|0x0000000729400000, 0x0000000729600000, 0x0000000729600000|100%| O|  |TAMS 0x0000000729400000| PB 0x0000000729400000| Untracked 
|  62|0x0000000729600000, 0x0000000729800000, 0x0000000729800000|100%| O|  |TAMS 0x0000000729600000| PB 0x0000000729600000| Untracked 
|  63|0x0000000729800000, 0x0000000729a00000, 0x0000000729a00000|100%| O|  |TAMS 0x0000000729800000| PB 0x0000000729800000| Untracked 
|  64|0x0000000729a00000, 0x0000000729c00000, 0x0000000729c00000|100%| O|  |TAMS 0x0000000729a00000| PB 0x0000000729a00000| Untracked 
|  65|0x0000000729c00000, 0x0000000729e00000, 0x0000000729e00000|100%| O|  |TAMS 0x0000000729c00000| PB 0x0000000729c00000| Untracked 
|  66|0x0000000729e00000, 0x000000072a000000, 0x000000072a000000|100%| O|  |TAMS 0x0000000729e00000| PB 0x0000000729e00000| Untracked 
|  67|0x000000072a000000, 0x000000072a200000, 0x000000072a200000|100%| O|  |TAMS 0x000000072a000000| PB 0x000000072a000000| Untracked 
|  68|0x000000072a200000, 0x000000072a400000, 0x000000072a400000|100%| O|  |TAMS 0x000000072a200000| PB 0x000000072a200000| Untracked 
|  69|0x000000072a400000, 0x000000072a400000, 0x000000072a600000|  0%| F|  |TAMS 0x000000072a400000| PB 0x000000072a400000| Untracked 
|  70|0x000000072a600000, 0x000000072a800000, 0x000000072a800000|100%| O|  |TAMS 0x000000072a600000| PB 0x000000072a600000| Untracked 
|  71|0x000000072a800000, 0x000000072aa00000, 0x000000072aa00000|100%| O|  |TAMS 0x000000072a800000| PB 0x000000072a800000| Untracked 
|  72|0x000000072aa00000, 0x000000072ac00000, 0x000000072ac00000|100%| O|  |TAMS 0x000000072aa00000| PB 0x000000072aa00000| Untracked 
|  73|0x000000072ac00000, 0x000000072ae00000, 0x000000072ae00000|100%| O|  |TAMS 0x000000072ac00000| PB 0x000000072ac00000| Untracked 
|  74|0x000000072ae00000, 0x000000072b000000, 0x000000072b000000|100%| O|  |TAMS 0x000000072ae00000| PB 0x000000072ae00000| Untracked 
|  75|0x000000072b000000, 0x000000072b200000, 0x000000072b200000|100%| O|  |TAMS 0x000000072b000000| PB 0x000000072b000000| Untracked 
|  76|0x000000072b200000, 0x000000072b400000, 0x000000072b400000|100%| O|  |TAMS 0x000000072b200000| PB 0x000000072b200000| Untracked 
|  77|0x000000072b400000, 0x000000072b600000, 0x000000072b600000|100%| O|  |TAMS 0x000000072b400000| PB 0x000000072b400000| Untracked 
|  78|0x000000072b600000, 0x000000072b800000, 0x000000072b800000|100%|HS|  |TAMS 0x000000072b600000| PB 0x000000072b600000| Complete 
|  79|0x000000072b800000, 0x000000072ba00000, 0x000000072ba00000|100%|HC|  |TAMS 0x000000072b800000| PB 0x000000072b800000| Complete 
|  80|0x000000072ba00000, 0x000000072bc00000, 0x000000072bc00000|100%| O|  |TAMS 0x000000072ba00000| PB 0x000000072ba00000| Untracked 
|  81|0x000000072bc00000, 0x000000072be00000, 0x000000072be00000|100%| O|  |TAMS 0x000000072bc00000| PB 0x000000072bc00000| Untracked 
|  82|0x000000072be00000, 0x000000072c000000, 0x000000072c000000|100%| O|  |TAMS 0x000000072be00000| PB 0x000000072be00000| Untracked 
|  83|0x000000072c000000, 0x000000072c200000, 0x000000072c200000|100%| O|  |TAMS 0x000000072c000000| PB 0x000000072c000000| Untracked 
|  84|0x000000072c200000, 0x000000072c400000, 0x000000072c400000|100%| O|  |TAMS 0x000000072c200000| PB 0x000000072c200000| Untracked 
|  85|0x000000072c400000, 0x000000072c55baf0, 0x000000072c600000| 67%| O|  |TAMS 0x000000072c400000| PB 0x000000072c400000| Untracked 
|  86|0x000000072c600000, 0x000000072c600000, 0x000000072c800000|  0%| F|  |TAMS 0x000000072c600000| PB 0x000000072c600000| Untracked 
|  87|0x000000072c800000, 0x000000072c800000, 0x000000072ca00000|  0%| F|  |TAMS 0x000000072c800000| PB 0x000000072c800000| Untracked 
|  88|0x000000072ca00000, 0x000000072ca00000, 0x000000072cc00000|  0%| F|  |TAMS 0x000000072ca00000| PB 0x000000072ca00000| Untracked 
|  89|0x000000072cc00000, 0x000000072cc00000, 0x000000072ce00000|  0%| F|  |TAMS 0x000000072cc00000| PB 0x000000072cc00000| Untracked 
|  90|0x000000072ce00000, 0x000000072ce00000, 0x000000072d000000|  0%| F|  |TAMS 0x000000072ce00000| PB 0x000000072ce00000| Untracked 
|  91|0x000000072d000000, 0x000000072d000000, 0x000000072d200000|  0%| F|  |TAMS 0x000000072d000000| PB 0x000000072d000000| Untracked 
|  92|0x000000072d200000, 0x000000072d200000, 0x000000072d400000|  0%| F|  |TAMS 0x000000072d200000| PB 0x000000072d200000| Untracked 
|  93|0x000000072d400000, 0x000000072d400000, 0x000000072d600000|  0%| F|  |TAMS 0x000000072d400000| PB 0x000000072d400000| Untracked 
|  94|0x000000072d600000, 0x000000072d600000, 0x000000072d800000|  0%| F|  |TAMS 0x000000072d600000| PB 0x000000072d600000| Untracked 
|  95|0x000000072d800000, 0x000000072d800000, 0x000000072da00000|  0%| F|  |TAMS 0x000000072d800000| PB 0x000000072d800000| Untracked 
|  96|0x000000072da00000, 0x000000072da00000, 0x000000072dc00000|  0%| F|  |TAMS 0x000000072da00000| PB 0x000000072da00000| Untracked 
|  97|0x000000072dc00000, 0x000000072dc00000, 0x000000072de00000|  0%| F|  |TAMS 0x000000072dc00000| PB 0x000000072dc00000| Untracked 
|  98|0x000000072de00000, 0x000000072de00000, 0x000000072e000000|  0%| F|  |TAMS 0x000000072de00000| PB 0x000000072de00000| Untracked 
|  99|0x000000072e000000, 0x000000072e000000, 0x000000072e200000|  0%| F|  |TAMS 0x000000072e000000| PB 0x000000072e000000| Untracked 
| 100|0x000000072e200000, 0x000000072e200000, 0x000000072e400000|  0%| F|  |TAMS 0x000000072e200000| PB 0x000000072e200000| Untracked 
| 101|0x000000072e400000, 0x000000072e400000, 0x000000072e600000|  0%| F|  |TAMS 0x000000072e400000| PB 0x000000072e400000| Untracked 
| 102|0x000000072e600000, 0x000000072e600000, 0x000000072e800000|  0%| F|  |TAMS 0x000000072e600000| PB 0x000000072e600000| Untracked 
| 103|0x000000072e800000, 0x000000072e800000, 0x000000072ea00000|  0%| F|  |TAMS 0x000000072e800000| PB 0x000000072e800000| Untracked 
| 104|0x000000072ea00000, 0x000000072eb37788, 0x000000072ec00000| 60%| S|CS|TAMS 0x000000072ea00000| PB 0x000000072ea00000| Complete 
| 105|0x000000072ec00000, 0x000000072ee00000, 0x000000072ee00000|100%| S|CS|TAMS 0x000000072ec00000| PB 0x000000072ec00000| Complete 
| 106|0x000000072ee00000, 0x000000072f000000, 0x000000072f000000|100%| S|CS|TAMS 0x000000072ee00000| PB 0x000000072ee00000| Complete 
| 107|0x000000072f000000, 0x000000072f000000, 0x000000072f200000|  0%| F|  |TAMS 0x000000072f000000| PB 0x000000072f000000| Untracked 
| 108|0x000000072f200000, 0x000000072f200000, 0x000000072f400000|  0%| F|  |TAMS 0x000000072f200000| PB 0x000000072f200000| Untracked 
| 109|0x000000072f400000, 0x000000072f400000, 0x000000072f600000|  0%| F|  |TAMS 0x000000072f400000| PB 0x000000072f400000| Untracked 
| 110|0x000000072f600000, 0x000000072f600000, 0x000000072f800000|  0%| F|  |TAMS 0x000000072f600000| PB 0x000000072f600000| Untracked 
| 111|0x000000072f800000, 0x000000072f800000, 0x000000072fa00000|  0%| F|  |TAMS 0x000000072f800000| PB 0x000000072f800000| Untracked 
| 112|0x000000072fa00000, 0x000000072fa00000, 0x000000072fc00000|  0%| F|  |TAMS 0x000000072fa00000| PB 0x000000072fa00000| Untracked 
| 113|0x000000072fc00000, 0x000000072fc00000, 0x000000072fe00000|  0%| F|  |TAMS 0x000000072fc00000| PB 0x000000072fc00000| Untracked 
| 114|0x000000072fe00000, 0x000000072fe00000, 0x0000000730000000|  0%| F|  |TAMS 0x000000072fe00000| PB 0x000000072fe00000| Untracked 
| 115|0x0000000730000000, 0x0000000730000000, 0x0000000730200000|  0%| F|  |TAMS 0x0000000730000000| PB 0x0000000730000000| Untracked 
| 116|0x0000000730200000, 0x0000000730200000, 0x0000000730400000|  0%| F|  |TAMS 0x0000000730200000| PB 0x0000000730200000| Untracked 
| 117|0x0000000730400000, 0x0000000730400000, 0x0000000730600000|  0%| F|  |TAMS 0x0000000730400000| PB 0x0000000730400000| Untracked 
| 118|0x0000000730600000, 0x0000000730600000, 0x0000000730800000|  0%| F|  |TAMS 0x0000000730600000| PB 0x0000000730600000| Untracked 
| 119|0x0000000730800000, 0x0000000730800000, 0x0000000730a00000|  0%| F|  |TAMS 0x0000000730800000| PB 0x0000000730800000| Untracked 
| 120|0x0000000730a00000, 0x0000000730a00000, 0x0000000730c00000|  0%| F|  |TAMS 0x0000000730a00000| PB 0x0000000730a00000| Untracked 
| 121|0x0000000730c00000, 0x0000000730c00000, 0x0000000730e00000|  0%| F|  |TAMS 0x0000000730c00000| PB 0x0000000730c00000| Untracked 
| 122|0x0000000730e00000, 0x0000000730e00000, 0x0000000731000000|  0%| F|  |TAMS 0x0000000730e00000| PB 0x0000000730e00000| Untracked 
| 123|0x0000000731000000, 0x0000000731000000, 0x0000000731200000|  0%| F|  |TAMS 0x0000000731000000| PB 0x0000000731000000| Untracked 
| 124|0x0000000731200000, 0x0000000731200000, 0x0000000731400000|  0%| F|  |TAMS 0x0000000731200000| PB 0x0000000731200000| Untracked 
| 125|0x0000000731400000, 0x0000000731400000, 0x0000000731600000|  0%| F|  |TAMS 0x0000000731400000| PB 0x0000000731400000| Untracked 
| 126|0x0000000731600000, 0x0000000731600000, 0x0000000731800000|  0%| F|  |TAMS 0x0000000731600000| PB 0x0000000731600000| Untracked 
| 127|0x0000000731800000, 0x0000000731800000, 0x0000000731a00000|  0%| F|  |TAMS 0x0000000731800000| PB 0x0000000731800000| Untracked 
| 128|0x0000000731a00000, 0x0000000731b00000, 0x0000000731c00000| 50%| E|  |TAMS 0x0000000731a00000| PB 0x0000000731a00000| Complete 
| 129|0x0000000731c00000, 0x0000000731e00000, 0x0000000731e00000|100%| E|CS|TAMS 0x0000000731c00000| PB 0x0000000731c00000| Complete 
| 130|0x0000000731e00000, 0x0000000732000000, 0x0000000732000000|100%| E|CS|TAMS 0x0000000731e00000| PB 0x0000000731e00000| Complete 
| 131|0x0000000732000000, 0x0000000732200000, 0x0000000732200000|100%| E|CS|TAMS 0x0000000732000000| PB 0x0000000732000000| Complete 
| 132|0x0000000732200000, 0x0000000732400000, 0x0000000732400000|100%| E|CS|TAMS 0x0000000732200000| PB 0x0000000732200000| Complete 
| 133|0x0000000732400000, 0x0000000732600000, 0x0000000732600000|100%| E|CS|TAMS 0x0000000732400000| PB 0x0000000732400000| Complete 
| 134|0x0000000732600000, 0x0000000732800000, 0x0000000732800000|100%| E|CS|TAMS 0x0000000732600000| PB 0x0000000732600000| Complete 
| 135|0x0000000732800000, 0x0000000732a00000, 0x0000000732a00000|100%| E|CS|TAMS 0x0000000732800000| PB 0x0000000732800000| Complete 
| 136|0x0000000732a00000, 0x0000000732c00000, 0x0000000732c00000|100%| E|CS|TAMS 0x0000000732a00000| PB 0x0000000732a00000| Complete 
| 137|0x0000000732c00000, 0x0000000732e00000, 0x0000000732e00000|100%| E|CS|TAMS 0x0000000732c00000| PB 0x0000000732c00000| Complete 
| 138|0x0000000732e00000, 0x0000000733000000, 0x0000000733000000|100%| E|CS|TAMS 0x0000000732e00000| PB 0x0000000732e00000| Complete 
| 139|0x0000000733000000, 0x0000000733200000, 0x0000000733200000|100%| E|CS|TAMS 0x0000000733000000| PB 0x0000000733000000| Complete 
| 140|0x0000000733200000, 0x0000000733400000, 0x0000000733400000|100%| E|CS|TAMS 0x0000000733200000| PB 0x0000000733200000| Complete 
| 141|0x0000000733400000, 0x0000000733600000, 0x0000000733600000|100%| E|CS|TAMS 0x0000000733400000| PB 0x0000000733400000| Complete 
|1776|0x00000007ffa00000, 0x00000007ffc00000, 0x00000007ffc00000|100%| E|CS|TAMS 0x00000007ffa00000| PB 0x00000007ffa00000| Complete 
|1777|0x00000007ffc00000, 0x00000007ffe00000, 0x00000007ffe00000|100%| E|CS|TAMS 0x00000007ffc00000| PB 0x00000007ffc00000| Complete 
|1778|0x00000007ffe00000, 0x0000000800000000, 0x0000000800000000|100%| E|CS|TAMS 0x00000007ffe00000| PB 0x00000007ffe00000| Complete 

Card table byte_map: [0x00000176cd740000,0x00000176cde40000] _byte_map_base: 0x00000176c9e33000

Marking Bits: (CMBitMap*) 0x00000176b399a950
 Bits: [0x00000176cde40000, 0x00000176d15d8000)

Polling page: 0x00000176b33e0000

Metaspace:

Usage:
  Non-class:     66.45 MB used.
      Class:     10.70 MB used.
       Both:     77.15 MB used.

Virtual space:
  Non-class space:      128.00 MB reserved,      66.88 MB ( 52%) committed,  2 nodes.
      Class space:        1.00 GB reserved,      11.00 MB (  1%) committed,  1 nodes.
             Both:        1.12 GB reserved,      77.88 MB (  7%) committed. 

Chunk freelists:
   Non-Class:  12.34 MB
       Class:  4.94 MB
        Both:  17.28 MB

MaxMetaspaceSize: unlimited
CompressedClassSpaceSize: 1.00 GB
Initial GC threshold: 21.00 MB
Current GC threshold: 121.06 MB
CDS: on
 - commit_granule_bytes: 65536.
 - commit_granule_words: 8192.
 - virtual_space_node_default_size: 8388608.
 - enlarge_chunks_in_place: 1.
 - use_allocation_guard: 0.


Internal statistics:

num_allocs_failed_limit: 9.
num_arena_births: 1066.
num_arena_deaths: 8.
num_vsnodes_births: 3.
num_vsnodes_deaths: 0.
num_space_committed: 1246.
num_space_uncommitted: 0.
num_chunks_returned_to_freelist: 21.
num_chunks_taken_from_freelist: 4029.
num_chunk_merges: 4.
num_chunk_splits: 2885.
num_chunks_enlarged: 2226.
num_inconsistent_stats: 0.

CodeHeap 'non-profiled nmethods': size=120000Kb used=4430Kb max_used=4460Kb free=115569Kb
 bounds [0x00000176c4e90000, 0x00000176c52f0000, 0x00000176cc3c0000]
CodeHeap 'profiled nmethods': size=120000Kb used=12693Kb max_used=12693Kb free=107306Kb
 bounds [0x00000176bd3c0000, 0x00000176be030000, 0x00000176c48f0000]
CodeHeap 'non-nmethods': size=5760Kb used=1698Kb max_used=1771Kb free=4061Kb
 bounds [0x00000176c48f0000, 0x00000176c4b60000, 0x00000176c4e90000]
 total_blobs=7443 nmethods=6713 adapters=633
 compilation: enabled
              stopped_count=0, restarted_count=0
 full_count=0

Compilation events (20 events):
Event: 8.917 Thread 0x000001771a5a7f70 nmethod 7778 0x00000176c524f510 code [0x00000176c524fee0, 0x00000176c5259720]
Event: 8.918 Thread 0x000001771a5a7f70 7964       4       org.springframework.beans.factory.support.AbstractBeanFactory::isTypeMatch (745 bytes)
Event: 8.927 Thread 0x00000176d427b400 nmethod 7930 0x00000176c5244790 code [0x00000176c5244fc0, 0x00000176c524a7a0]
Event: 8.929 Thread 0x00000176d427b400 7996   !   4       jdk.internal.loader.URLClassPath$JarLoader::getResource (40 bytes)
Event: 8.931 Thread 0x00000176d427b400 nmethod 7996 0x00000176c52c5290 code [0x00000176c52c5480, 0x00000176c52c57e8]
Event: 8.932 Thread 0x00000176d427b400 8063       4       java.lang.StringLatin1::lastIndexOf (40 bytes)
Event: 8.932 Thread 0x00000176d427b400 nmethod 8063 0x00000176c52c4f10 code [0x00000176c52c50a0, 0x00000176c52c51b8]
Event: 8.932 Thread 0x00000176d427b400 7958       4       org.springframework.core.ResolvableType::forType (112 bytes)
Event: 8.948 Thread 0x00000176d427d3d0 8064       3       org.springframework.beans.factory.support.AbstractAutowireCapableBeanFactory::applyMergedBeanDefinitionPostProcessors (50 bytes)
Event: 8.948 Thread 0x00000176d427d3d0 nmethod 8064 0x00000176be00d990 code [0x00000176be00dba0, 0x00000176be00e258]
Event: 8.954 Thread 0x00000176d427d3d0 8065       3       org.springframework.util.ClassUtils::getAllInterfacesForClassAsSet (106 bytes)
Event: 8.955 Thread 0x00000176d427d3d0 nmethod 8065 0x00000176be00e490 code [0x00000176be00e820, 0x00000176be00fec0]
Event: 8.963 Thread 0x00000176d427d3d0 8066       3       org.springframework.beans.factory.support.DefaultSingletonBeanRegistry::afterSingletonCreation (41 bytes)
Event: 8.963 Thread 0x00000176d427d3d0 nmethod 8066 0x00000176be010810 code [0x00000176be010a00, 0x00000176be010e68]
Event: 8.963 Thread 0x00000176d427d3d0 8067       3       org.springframework.beans.factory.support.DefaultSingletonBeanRegistry::beforeSingletonCreation (36 bytes)
Event: 8.963 Thread 0x00000176d427d3d0 nmethod 8067 0x00000176be011010 code [0x00000176be0111e0, 0x00000176be0115c8]
Event: 8.963 Thread 0x00000176d427d3d0 8068   !   3       jdk.proxy2.$Proxy152::annotationType (29 bytes)
Event: 8.963 Thread 0x00000176d427d3d0 nmethod 8068 0x00000176be011710 code [0x00000176be0118e0, 0x00000176be011ce8]
Event: 8.963 Thread 0x00000176d427d3d0 8069       1       org.springframework.beans.factory.support.ConstructorResolver$ConstructorDependencyDescriptor::setShortcut (6 bytes)
Event: 8.963 Thread 0x00000176d427d3d0 nmethod 8069 0x00000176c52c4c10 code [0x00000176c52c4da0, 0x00000176c52c4ec0]

GC Heap History (20 events):
Event: 7.369 GC heap before
{Heap before GC invocations=19 (full 0):
 garbage-first heap   total 104448K, used 86587K [0x0000000721a00000, 0x0000000800000000)
  region size 2048K, 23 young (47104K), 4 survivors (8192K)
 Metaspace       used 73714K, committed 74368K, reserved 1114112K
  class space    used 10204K, committed 10496K, reserved 1048576K
}
Event: 7.384 GC heap after
{Heap after GC invocations=20 (full 0):
 garbage-first heap   total 110592K, used 60910K [0x0000000721a00000, 0x0000000800000000)
  region size 2048K, 3 young (6144K), 3 survivors (6144K)
 Metaspace       used 73714K, committed 74368K, reserved 1114112K
  class space    used 10204K, committed 10496K, reserved 1048576K
}
Event: 7.437 GC heap before
{Heap before GC invocations=20 (full 0):
 garbage-first heap   total 110592K, used 89582K [0x0000000721a00000, 0x0000000800000000)
  region size 2048K, 17 young (34816K), 3 survivors (6144K)
 Metaspace       used 73714K, committed 74368K, reserved 1114112K
  class space    used 10204K, committed 10496K, reserved 1048576K
}
Event: 7.447 GC heap after
{Heap after GC invocations=21 (full 0):
 garbage-first heap   total 110592K, used 72940K [0x0000000721a00000, 0x0000000800000000)
  region size 2048K, 3 young (6144K), 3 survivors (6144K)
 Metaspace       used 73714K, committed 74368K, reserved 1114112K
  class space    used 10204K, committed 10496K, reserved 1048576K
}
Event: 7.541 GC heap before
{Heap before GC invocations=22 (full 0):
 garbage-first heap   total 137216K, used 93420K [0x0000000721a00000, 0x0000000800000000)
  region size 2048K, 12 young (24576K), 3 survivors (6144K)
 Metaspace       used 73707K, committed 74368K, reserved 1114112K
  class space    used 10202K, committed 10496K, reserved 1048576K
}
Event: 7.548 GC heap after
{Heap after GC invocations=23 (full 0):
 garbage-first heap   total 137216K, used 80090K [0x0000000721a00000, 0x0000000800000000)
  region size 2048K, 2 young (4096K), 2 survivors (4096K)
 Metaspace       used 73707K, committed 74368K, reserved 1114112K
  class space    used 10202K, committed 10496K, reserved 1048576K
}
Event: 7.586 GC heap before
{Heap before GC invocations=23 (full 0):
 garbage-first heap   total 137216K, used 108762K [0x0000000721a00000, 0x0000000800000000)
  region size 2048K, 16 young (32768K), 2 survivors (4096K)
 Metaspace       used 73733K, committed 74432K, reserved 1114112K
  class space    used 10202K, committed 10496K, reserved 1048576K
}
Event: 7.591 GC heap after
{Heap after GC invocations=24 (full 0):
 garbage-first heap   total 137216K, used 81632K [0x0000000721a00000, 0x0000000800000000)
  region size 2048K, 2 young (4096K), 2 survivors (4096K)
 Metaspace       used 73733K, committed 74432K, reserved 1114112K
  class space    used 10202K, committed 10496K, reserved 1048576K
}
Event: 7.636 GC heap before
{Heap before GC invocations=24 (full 0):
 garbage-first heap   total 137216K, used 112352K [0x0000000721a00000, 0x0000000800000000)
  region size 2048K, 17 young (34816K), 2 survivors (4096K)
 Metaspace       used 73744K, committed 74432K, reserved 1114112K
  class space    used 10204K, committed 10496K, reserved 1048576K
}
Event: 7.643 GC heap after
{Heap after GC invocations=25 (full 0):
 garbage-first heap   total 278528K, used 89324K [0x0000000721a00000, 0x0000000800000000)
  region size 2048K, 3 young (6144K), 3 survivors (6144K)
 Metaspace       used 73744K, committed 74432K, reserved 1114112K
  class space    used 10204K, committed 10496K, reserved 1048576K
}
Event: 7.823 GC heap before
{Heap before GC invocations=26 (full 0):
 garbage-first heap   total 278528K, used 199916K [0x0000000721a00000, 0x0000000800000000)
  region size 2048K, 58 young (118784K), 3 survivors (6144K)
 Metaspace       used 73750K, committed 74432K, reserved 1114112K
  class space    used 10204K, committed 10496K, reserved 1048576K
}
Event: 7.848 GC heap after
{Heap after GC invocations=27 (full 0):
 garbage-first heap   total 278528K, used 129952K [0x0000000721a00000, 0x0000000800000000)
  region size 2048K, 8 young (16384K), 8 survivors (16384K)
 Metaspace       used 73750K, committed 74432K, reserved 1114112K
  class space    used 10204K, committed 10496K, reserved 1048576K
}
Event: 7.919 GC heap before
{Heap before GC invocations=27 (full 0):
 garbage-first heap   total 278528K, used 203680K [0x0000000721a00000, 0x0000000800000000)
  region size 2048K, 44 young (90112K), 8 survivors (16384K)
 Metaspace       used 73750K, committed 74432K, reserved 1114112K
  class space    used 10204K, committed 10496K, reserved 1048576K
}
Event: 7.943 GC heap after
{Heap after GC invocations=28 (full 0):
 garbage-first heap   total 278528K, used 159579K [0x0000000721a00000, 0x0000000800000000)
  region size 2048K, 6 young (12288K), 6 survivors (12288K)
 Metaspace       used 73750K, committed 74432K, reserved 1114112K
  class space    used 10204K, committed 10496K, reserved 1048576K
}
Event: 7.956 GC heap before
{Heap before GC invocations=28 (full 0):
 garbage-first heap   total 278528K, used 171867K [0x0000000721a00000, 0x0000000800000000)
  region size 2048K, 13 young (26624K), 6 survivors (12288K)
 Metaspace       used 73750K, committed 74432K, reserved 1114112K
  class space    used 10204K, committed 10496K, reserved 1048576K
}
Event: 7.966 GC heap after
{Heap after GC invocations=29 (full 0):
 garbage-first heap   total 278528K, used 169296K [0x0000000721a00000, 0x0000000800000000)
  region size 2048K, 4 young (8192K), 4 survivors (8192K)
 Metaspace       used 73750K, committed 74432K, reserved 1114112K
  class space    used 10204K, committed 10496K, reserved 1048576K
}
Event: 8.061 GC heap before
{Heap before GC invocations=30 (full 0):
 garbage-first heap   total 296960K, used 218448K [0x0000000721a00000, 0x0000000800000000)
  region size 2048K, 32 young (65536K), 4 survivors (8192K)
 Metaspace       used 73750K, committed 74432K, reserved 1114112K
  class space    used 10204K, committed 10496K, reserved 1048576K
}
Event: 8.074 GC heap after
{Heap after GC invocations=31 (full 0):
 garbage-first heap   total 296960K, used 174080K [0x0000000721a00000, 0x0000000800000000)
  region size 2048K, 4 young (8192K), 4 survivors (8192K)
 Metaspace       used 73750K, committed 74432K, reserved 1114112K
  class space    used 10204K, committed 10496K, reserved 1048576K
}
Event: 8.280 GC heap before
{Heap before GC invocations=31 (full 0):
 garbage-first heap   total 296960K, used 241664K [0x0000000721a00000, 0x0000000800000000)
  region size 2048K, 37 young (75776K), 4 survivors (8192K)
 Metaspace       used 74822K, committed 75584K, reserved 1179648K
  class space    used 10368K, committed 10688K, reserved 1048576K
}
Event: 8.287 GC heap after
{Heap after GC invocations=32 (full 0):
 garbage-first heap   total 296960K, used 152140K [0x0000000721a00000, 0x0000000800000000)
  region size 2048K, 3 young (6144K), 3 survivors (6144K)
 Metaspace       used 74822K, committed 75584K, reserved 1179648K
  class space    used 10368K, committed 10688K, reserved 1048576K
}

Dll operation events (13 events):
Event: 0.014 Loaded shared library C:\Program Files\Java\jdk-21\bin\java.dll
Event: 0.055 Loaded shared library C:\Program Files\Java\jdk-21\bin\jsvml.dll
Event: 0.154 Loaded shared library C:\Program Files\Java\jdk-21\bin\zip.dll
Event: 0.156 Loaded shared library C:\Program Files\Java\jdk-21\bin\instrument.dll
Event: 0.161 Loaded shared library C:\Program Files\Java\jdk-21\bin\net.dll
Event: 0.162 Loaded shared library C:\Program Files\Java\jdk-21\bin\nio.dll
Event: 0.166 Loaded shared library C:\Program Files\Java\jdk-21\bin\zip.dll
Event: 0.265 Loaded shared library C:\Program Files\Java\jdk-21\bin\extnet.dll
Event: 0.287 Loaded shared library C:\Program Files\Java\jdk-21\bin\jimage.dll
Event: 0.484 Loaded shared library C:\Program Files\Java\jdk-21\bin\management.dll
Event: 0.492 Loaded shared library C:\Program Files\Java\jdk-21\bin\management_ext.dll
Event: 1.602 Loaded shared library C:\Program Files\Java\jdk-21\bin\sunmscapi.dll
Event: 4.278 Loaded shared library C:\Program Files\Java\jdk-21\bin\verify.dll

Deoptimization events (20 events):
Event: 8.541 Thread 0x000001771a00b630 DEOPT PACKING pc=0x00000176c517515c sp=0x0000002d2dcf5180
Event: 8.541 Thread 0x000001771a00b630 DEOPT UNPACKING pc=0x00000176c49446a2 sp=0x0000002d2dcf4f68 mode 2
Event: 8.543 Thread 0x000001771a00b630 Uncommon trap: trap_request=0xffffff45 fr.pc=0x00000176c50821ac relative=0x00000000000000ec
Event: 8.543 Thread 0x000001771a00b630 Uncommon trap: reason=unstable_if action=reinterpret pc=0x00000176c50821ac method=org.springframework.core.ResolvableType.resolveClass()Ljava/lang/Class; @ 38 c2
Event: 8.543 Thread 0x000001771a00b630 DEOPT PACKING pc=0x00000176c50821ac sp=0x0000002d2dcf56c0
Event: 8.543 Thread 0x000001771a00b630 DEOPT UNPACKING pc=0x00000176c49446a2 sp=0x0000002d2dcf5638 mode 2
Event: 8.632 Thread 0x000001771a00b630 Uncommon trap: trap_request=0xffffff45 fr.pc=0x00000176c51a4698 relative=0x0000000000002ed8
Event: 8.632 Thread 0x000001771a00b630 Uncommon trap: reason=unstable_if action=reinterpret pc=0x00000176c51a4698 method=java.net.URL.<init>(Ljava/net/URL;Ljava/lang/String;Ljava/net/URLStreamHandler;)V @ 30 c2
Event: 8.632 Thread 0x000001771a00b630 DEOPT PACKING pc=0x00000176c51a4698 sp=0x0000002d2dcfb4a0
Event: 8.632 Thread 0x000001771a00b630 DEOPT UNPACKING pc=0x00000176c49446a2 sp=0x0000002d2dcfb460 mode 2
Event: 8.632 Thread 0x000001771a00b630 Uncommon trap: trap_request=0xffffff45 fr.pc=0x00000176c4ff97ac relative=0x000000000000098c
Event: 8.632 Thread 0x000001771a00b630 Uncommon trap: reason=unstable_if action=reinterpret pc=0x00000176c4ff97ac method=java.net.URL.isBuiltinStreamHandler(Ljava/net/URLStreamHandler;)Z @ 13 c2
Event: 8.632 Thread 0x000001771a00b630 DEOPT PACKING pc=0x00000176c4ff97ac sp=0x0000002d2dcfb330
Event: 8.632 Thread 0x000001771a00b630 DEOPT UNPACKING pc=0x00000176c49446a2 sp=0x0000002d2dcfb238 mode 2
Event: 8.929 Thread 0x000001771a00b630 DEOPT PACKING pc=0x00000176bd75bc1a sp=0x0000002d2dcfcbb0
Event: 8.929 Thread 0x000001771a00b630 DEOPT UNPACKING pc=0x00000176c4944e42 sp=0x0000002d2dcfc048 mode 0
Event: 8.949 Thread 0x000001771a00b630 Uncommon trap: trap_request=0xfffffff4 fr.pc=0x00000176c50efa3c relative=0x0000000000000b1c
Event: 8.949 Thread 0x000001771a00b630 Uncommon trap: reason=null_check action=make_not_entrant pc=0x00000176c50efa3c method=org.springframework.beans.factory.support.DefaultSingletonBeanRegistry.getSingleton(Ljava/lang/String;Z)Ljava/lang/Object; @ 96 c2
Event: 8.949 Thread 0x000001771a00b630 DEOPT PACKING pc=0x00000176c50efa3c sp=0x0000002d2dcfca70
Event: 8.949 Thread 0x000001771a00b630 DEOPT UNPACKING pc=0x00000176c49446a2 sp=0x0000002d2dcfca00 mode 2

Classes loaded (20 events):
Event: 8.238 Loading class java/time/DurationEditor
Event: 8.238 Loading class java/time/DurationEditor done
Event: 8.359 Loading class java/util/Comparators$NullComparator
Event: 8.359 Loading class java/util/Comparators$NullComparator done
Event: 8.465 Loading class sun/reflect/annotation/TypeAnnotation$TypeAnnotationTargetInfo
Event: 8.465 Loading class sun/reflect/annotation/TypeAnnotation$TypeAnnotationTargetInfo done
Event: 8.498 Loading class java/util/AbstractList$SubList$1
Event: 8.498 Loading class java/util/AbstractList$SubList$1 done
Event: 8.578 Loading class java/util/EnumMap$EntrySet
Event: 8.578 Loading class java/util/EnumMap$EntrySet done
Event: 8.579 Loading class java/util/EnumMap$EntryIterator
Event: 8.579 Loading class java/util/EnumMap$EnumMapIterator
Event: 8.579 Loading class java/util/EnumMap$EnumMapIterator done
Event: 8.579 Loading class java/util/EnumMap$EntryIterator done
Event: 8.759 Loading class javax/crypto/SecretKey
Event: 8.759 Loading class javax/crypto/SecretKey done
Event: 8.800 Loading class java/util/Base64
Event: 8.800 Loading class java/util/Base64 done
Event: 8.800 Loading class java/util/Base64$Encoder
Event: 8.800 Loading class java/util/Base64$Encoder done

Classes unloaded (4 events):
Event: 7.494 Thread 0x00000176d4255290 Unloading class 0x00000176d6a3d000 'jdk/internal/reflect/GeneratedSerializationConstructorAccessor4'
Event: 7.494 Thread 0x00000176d4255290 Unloading class 0x00000176d6a3c400 'jdk/internal/reflect/GeneratedSerializationConstructorAccessor3'
Event: 7.494 Thread 0x00000176d4255290 Unloading class 0x00000176d6a3c000 'jdk/internal/reflect/GeneratedSerializationConstructorAccessor2'
Event: 7.494 Thread 0x00000176d4255290 Unloading class 0x00000176d6a28c00 'jdk/internal/reflect/GeneratedSerializationConstructorAccessor1'

Classes redefined (0 events):
No events

Internal exceptions (20 events):
Event: 5.748 Thread 0x000001771a00b630 Exception <a 'java/lang/NoSuchMethodError'{0x000000072bb337d8}: 'java.lang.Object java.lang.invoke.DirectMethodHandle$Holder.invokeSpecial(java.lang.Object, java.lang.Object, java.lang.Object, java.lang.Object, java.lang.Object, java.lang.Object, java.lang.Object, java.lang.Object, int)'> (0x000000072bb337d8) 
thrown [s\open\src\hotspot\share\interpreter\linkResolver.cpp, line 773]
Event: 5.748 Thread 0x000001771a00b630 Exception <a 'java/lang/NoSuchMethodError'{0x000000072bb37800}: 'java.lang.Object java.lang.invoke.Invokers$Holder.linkToTargetMethod(java.lang.Object, java.lang.Object, java.lang.Object, java.lang.Object, java.lang.Object, java.lang.Object, int, java.lang.Object)'> (0x000000072bb37800) 
thrown [s\open\src\hotspot\share\interpreter\linkResolver.cpp, line 773]
Event: 5.888 Thread 0x000001771a00b630 Exception <a 'java/lang/NoSuchMethodError'{0x0000000725d07838}: 'java.lang.Object java.lang.invoke.DirectMethodHandle$Holder.invokeSpecial(java.lang.Object, java.lang.Object, int, java.lang.Object, int)'> (0x0000000725d07838) 
thrown [s\open\src\hotspot\share\interpreter\linkResolver.cpp, line 773]
Event: 5.941 Thread 0x000001771a00b630 Implicit null exception at 0x00000176c51c61f7 to 0x00000176c51c6460
Event: 5.980 Thread 0x000001771a00b630 Implicit null exception at 0x00000176c520def0 to 0x00000176c520f9e8
Event: 5.985 Thread 0x000001771a00b630 Exception <a 'java/lang/IncompatibleClassChangeError'{0x000000072569f7b8}: Found class java.lang.Object, but interface was expected> (0x000000072569f7b8) 
thrown [s\open\src\hotspot\share\interpreter\linkResolver.cpp, line 840]
Event: 6.018 Thread 0x000001771a00b630 Exception <a 'java/lang/IncompatibleClassChangeError'{0x0000000725422cb0}: Found class java.lang.Object, but interface was expected> (0x0000000725422cb0) 
thrown [s\open\src\hotspot\share\interpreter\linkResolver.cpp, line 840]
Event: 6.131 Thread 0x000001771a00b630 Exception <a 'java/lang/IncompatibleClassChangeError'{0x0000000725060bf0}: Found class java.lang.Object, but interface was expected> (0x0000000725060bf0) 
thrown [s\open\src\hotspot\share\interpreter\linkResolver.cpp, line 840]
Event: 6.966 Thread 0x000001771a00b630 Exception <a 'java/lang/IncompatibleClassChangeError'{0x000000072f8d5078}: Found class java.lang.Object, but interface was expected> (0x000000072f8d5078) 
thrown [s\open\src\hotspot\share\interpreter\linkResolver.cpp, line 840]
Event: 6.967 Thread 0x000001771a00b630 Exception <a 'java/lang/IncompatibleClassChangeError'{0x000000072f8da600}: Found class java.lang.Object, but interface was expected> (0x000000072f8da600) 
thrown [s\open\src\hotspot\share\interpreter\linkResolver.cpp, line 840]
Event: 7.008 Thread 0x000001771a00b630 Exception <a 'java/lang/NoSuchMethodError'{0x000000072bf215a0}: 'int java.lang.invoke.DirectMethodHandle$Holder.invokeStaticInit(java.lang.Object, int, java.lang.Object, java.lang.Object, java.lang.Object, java.lang.Object)'> (0x000000072bf215a0) 
thrown [s\open\src\hotspot\share\interpreter\linkResolver.cpp, line 773]
Event: 7.134 Thread 0x000001771a00b630 Exception <a 'java/io/FileNotFoundException'{0x00000007274209a8}> (0x00000007274209a8) 
thrown [s\open\src\hotspot\share\prims\jni.cpp, line 520]
Event: 7.134 Thread 0x000001771a00b630 Exception <a 'java/io/FileNotFoundException'{0x000000072742a970}> (0x000000072742a970) 
thrown [s\open\src\hotspot\share\prims\jni.cpp, line 520]
Event: 8.203 Thread 0x000001771a00b630 Exception <a 'java/lang/NoSuchMethodError'{0x000000072fcc6de0}: 'java.lang.Object java.lang.invoke.DirectMethodHandle$Holder.newInvokeSpecial(java.lang.Object, java.lang.Object, java.lang.Object, java.lang.Object, java.lang.Object, java.lang.Object, java.lang.Object, java.lang.Object)'> (0x000000072fcc6de0) 
thrown [s\open\src\hotspot\share\interpreter\linkResolver.cpp, line 773]
Event: 8.221 Thread 0x000001771a00b630 Implicit null exception at 0x00000176c50df803 to 0x00000176c50e365c
Event: 8.611 Thread 0x000001771a00b630 Exception <a 'java/lang/IncompatibleClassChangeError'{0x0000000732d6bc38}: Found class java.lang.Object, but interface was expected> (0x0000000732d6bc38) 
thrown [s\open\src\hotspot\share\interpreter\linkResolver.cpp, line 840]
Event: 8.837 Thread 0x000001771a00b630 Exception <a 'java/lang/NoSuchMethodError'{0x00000007325bfb18}: 'java.lang.Object java.lang.invoke.DirectMethodHandle$Holder.invokeInterface(java.lang.Object, java.lang.Object, java.lang.Object, java.lang.Object)'> (0x00000007325bfb18) 
thrown [s\open\src\hotspot\share\interpreter\linkResolver.cpp, line 773]
Event: 8.910 Thread 0x000001771a00b630 Exception <a 'java/lang/NoSuchMethodError'{0x0000000732092468}: 'java.lang.Object java.lang.invoke.DirectMethodHandle$Holder.invokeSpecial(java.lang.Object, java.lang.Object, int, int, int, int)'> (0x0000000732092468) 
thrown [s\open\src\hotspot\share\interpreter\linkResolver.cpp, line 773]
Event: 8.943 Thread 0x000001771a00b630 Exception <a 'java/lang/NoSuchMethodError'{0x0000000731e15308}: 'int java.lang.invoke.DirectMethodHandle$Holder.invokeStaticInit(java.lang.Object, java.lang.Object, java.lang.Object, java.lang.Object)'> (0x0000000731e15308) 
thrown [s\open\src\hotspot\share\interpreter\linkResolver.cpp, line 773]
Event: 8.949 Thread 0x000001771a00b630 Implicit null exception at 0x00000176c50ef5eb to 0x00000176c50efa30

ZGC Phase Switch (0 events):
No events

VM Operations (20 events):
Event: 7.919 Executing VM operation: G1CollectForAllocation (G1 Evacuation Pause)
Event: 7.943 Executing VM operation: G1CollectForAllocation (G1 Evacuation Pause) done
Event: 7.956 Executing VM operation: G1TryInitiateConcMark (G1 Humongous Allocation)
Event: 7.966 Executing VM operation: G1TryInitiateConcMark (G1 Humongous Allocation) done
Event: 8.003 Executing VM operation: G1PauseRemark
Event: 8.005 Executing VM operation: G1PauseRemark done
Event: 8.026 Executing VM operation: G1PauseCleanup
Event: 8.026 Executing VM operation: G1PauseCleanup done
Event: 8.061 Executing VM operation: G1CollectForAllocation (G1 Evacuation Pause)
Event: 8.074 Executing VM operation: G1CollectForAllocation (G1 Evacuation Pause) done
Event: 8.279 Executing VM operation: G1CollectForAllocation (G1 Evacuation Pause)
Event: 8.287 Executing VM operation: G1CollectForAllocation (G1 Evacuation Pause) done
Event: 8.414 Executing VM operation: HandshakeAllThreads (Deoptimize)
Event: 8.414 Executing VM operation: HandshakeAllThreads (Deoptimize) done
Event: 8.445 Executing VM operation: HandshakeAllThreads (Deoptimize)
Event: 8.445 Executing VM operation: HandshakeAllThreads (Deoptimize) done
Event: 8.447 Executing VM operation: HandshakeAllThreads (Deoptimize)
Event: 8.447 Executing VM operation: HandshakeAllThreads (Deoptimize) done
Event: 8.918 Executing VM operation: HandshakeAllThreads (Deoptimize)
Event: 8.918 Executing VM operation: HandshakeAllThreads (Deoptimize) done

Events (20 events):
Event: 7.709 Thread 0x00000176d4255290 flushing nmethod 0x00000176c52c5510
Event: 7.709 Thread 0x00000176d4255290 flushing nmethod 0x00000176bd4c9290
Event: 7.709 Thread 0x00000176d4255290 flushing nmethod 0x00000176bd75dc90
Event: 7.709 Thread 0x00000176d4255290 flushing nmethod 0x00000176bd8c3510
Event: 7.709 Thread 0x00000176d4255290 flushing nmethod 0x00000176bdadf690
Event: 7.709 Thread 0x00000176d4255290 flushing nmethod 0x00000176bdb5b210
Event: 7.885 Thread 0x000001771a5aa180 Thread exited: 0x000001771a5aa180
Event: 7.885 Thread 0x00000176d45933b0 Thread exited: 0x00000176d45933b0
Event: 8.005 Thread 0x00000176d4255290 flushing nmethod 0x00000176bdb49d90
Event: 8.005 Thread 0x00000176d4255290 flushing nmethod 0x00000176bdb4c010
Event: 8.005 Thread 0x00000176d4255290 flushing nmethod 0x00000176c51fa910
Event: 8.005 Thread 0x00000176d4255290 flushing nmethod 0x00000176bd84d190
Event: 8.005 Thread 0x00000176d4255290 flushing nmethod 0x00000176bd850d10
Event: 8.005 Thread 0x00000176d4255290 flushing nmethod 0x00000176bd851d10
Event: 8.005 Thread 0x00000176d4255290 flushing nmethod 0x00000176bd852c10
Event: 8.005 Thread 0x00000176d4255290 flushing nmethod 0x00000176bd47de10
Event: 8.005 Thread 0x00000176d4255290 flushing nmethod 0x00000176bd5e8f10
Event: 8.005 Thread 0x00000176d4255290 flushing nmethod 0x00000176bd8c3c90
Event: 8.178 Thread 0x000001771a5a93e0 Thread added: 0x000001771a5a93e0
Event: 8.248 Thread 0x000001771a5a7f70 Thread added: 0x000001771a5a7f70


Dynamic libraries:
0x00007ff773360000 - 0x00007ff773370000 	C:\Program Files\Java\jdk-21\bin\java.exe
0x00007ffc86500000 - 0x00007ffc86769000 	C:\WINDOWS\SYSTEM32\ntdll.dll
0x00007ffc85a80000 - 0x00007ffc85b49000 	C:\WINDOWS\System32\KERNEL32.DLL
0x00007ffc83c00000 - 0x00007ffc83ff3000 	C:\WINDOWS\System32\KERNELBASE.dll
0x00007ffc83940000 - 0x00007ffc83a8b000 	C:\WINDOWS\System32\ucrtbase.dll
0x00007ffc6bec0000 - 0x00007ffc6bed9000 	C:\Program Files\Java\jdk-21\bin\jli.dll
0x00007ffc6bea0000 - 0x00007ffc6bebb000 	C:\Program Files\Java\jdk-21\bin\VCRUNTIME140.dll
0x00007ffc84830000 - 0x00007ffc848e4000 	C:\WINDOWS\System32\ADVAPI32.dll
0x00007ffc842e0000 - 0x00007ffc84389000 	C:\WINDOWS\System32\msvcrt.dll
0x00007ffc85200000 - 0x00007ffc852a6000 	C:\WINDOWS\System32\sechost.dll
0x00007ffc86210000 - 0x00007ffc86328000 	C:\WINDOWS\System32\RPCRT4.dll
0x00007ffc85b50000 - 0x00007ffc85d14000 	C:\WINDOWS\System32\USER32.dll
0x00007ffc83910000 - 0x00007ffc83937000 	C:\WINDOWS\System32\win32u.dll
0x00007ffc73b30000 - 0x00007ffc73dc3000 	C:\WINDOWS\WinSxS\amd64_microsoft.windows.common-controls_6595b64144ccf1df_6.0.26100.5074_none_3e0d6f78e32fd63f\COMCTL32.dll
0x00007ffc85a50000 - 0x00007ffc85a7b000 	C:\WINDOWS\System32\GDI32.dll
0x00007ffc83740000 - 0x00007ffc8386d000 	C:\WINDOWS\System32\gdi32full.dll
0x00007ffc83690000 - 0x00007ffc83733000 	C:\WINDOWS\System32\msvcp_win.dll
0x00007ffc7b540000 - 0x00007ffc7b54b000 	C:\WINDOWS\SYSTEM32\VERSION.dll
0x00007ffc847f0000 - 0x00007ffc8481f000 	C:\WINDOWS\System32\IMM32.DLL
0x00007ffc7e3c0000 - 0x00007ffc7e3cc000 	C:\Program Files\Java\jdk-21\bin\vcruntime140_1.dll
0x00007ffc6be10000 - 0x00007ffc6be9e000 	C:\Program Files\Java\jdk-21\bin\msvcp140.dll
0x00007ffc35dc0000 - 0x00007ffc36ada000 	C:\Program Files\Java\jdk-21\bin\server\jvm.dll
0x00007ffc85170000 - 0x00007ffc851e4000 	C:\WINDOWS\System32\WS2_32.dll
0x00007ffc834f0000 - 0x00007ffc8354e000 	C:\WINDOWS\SYSTEM32\POWRPROF.dll
0x00007ffc7b500000 - 0x00007ffc7b535000 	C:\WINDOWS\SYSTEM32\WINMM.dll
0x00007ffc834d0000 - 0x00007ffc834e4000 	C:\WINDOWS\SYSTEM32\UMPDC.dll
0x00007ffc82430000 - 0x00007ffc8244b000 	C:\WINDOWS\SYSTEM32\kernel.appcore.dll
0x00007ffc6be00000 - 0x00007ffc6be0a000 	C:\Program Files\Java\jdk-21\bin\jimage.dll
0x00007ffc80b00000 - 0x00007ffc80d42000 	C:\WINDOWS\SYSTEM32\DBGHELP.DLL
0x00007ffc84470000 - 0x00007ffc847eb000 	C:\WINDOWS\System32\combase.dll
0x00007ffc860d0000 - 0x00007ffc861a7000 	C:\WINDOWS\System32\OLEAUT32.dll
0x00007ffc72430000 - 0x00007ffc7246d000 	C:\WINDOWS\SYSTEM32\dbgcore.DLL
0x00007ffc83870000 - 0x00007ffc83909000 	C:\WINDOWS\System32\bcryptPrimitives.dll
0x00007ffc6bb20000 - 0x00007ffc6bb2f000 	C:\Program Files\Java\jdk-21\bin\instrument.dll
0x00007ffc6bde0000 - 0x00007ffc6bdff000 	C:\Program Files\Java\jdk-21\bin\java.dll
0x00007ffc848f0000 - 0x00007ffc8503d000 	C:\WINDOWS\System32\SHELL32.dll
0x00007ffc83a90000 - 0x00007ffc83bfc000 	C:\WINDOWS\System32\wintypes.dll
0x00007ffc812d0000 - 0x00007ffc81b29000 	C:\WINDOWS\SYSTEM32\windows.storage.dll
0x00007ffc85320000 - 0x00007ffc85410000 	C:\WINDOWS\System32\SHCORE.dll
0x00007ffc852b0000 - 0x00007ffc85312000 	C:\WINDOWS\System32\shlwapi.dll
0x00007ffc835b0000 - 0x00007ffc835d9000 	C:\WINDOWS\SYSTEM32\profapi.dll
0x00007ffc6bcf0000 - 0x00007ffc6bdc7000 	C:\Program Files\Java\jdk-21\bin\jsvml.dll
0x00007ffc6bb70000 - 0x00007ffc6bb88000 	C:\Program Files\Java\jdk-21\bin\zip.dll
0x00007ffc6bce0000 - 0x00007ffc6bcf0000 	C:\Program Files\Java\jdk-21\bin\net.dll
0x00007ffc7bc50000 - 0x00007ffc7bd6f000 	C:\WINDOWS\SYSTEM32\WINHTTP.dll
0x00007ffc82990000 - 0x00007ffc829fb000 	C:\WINDOWS\system32\mswsock.dll
0x00007ffc6bb90000 - 0x00007ffc6bba6000 	C:\Program Files\Java\jdk-21\bin\nio.dll
0x00007ffc6bb60000 - 0x00007ffc6bb69000 	C:\Program Files\Java\jdk-21\bin\extnet.dll
0x00007ffc6bb00000 - 0x00007ffc6bb0a000 	C:\Program Files\Java\jdk-21\bin\management.dll
0x00007ffc6b980000 - 0x00007ffc6b98b000 	C:\Program Files\Java\jdk-21\bin\management_ext.dll
0x00007ffc861b0000 - 0x00007ffc861b8000 	C:\WINDOWS\System32\PSAPI.DLL
0x00007ffc6bb10000 - 0x00007ffc6bb1e000 	C:\Program Files\Java\jdk-21\bin\sunmscapi.dll
0x00007ffc84150000 - 0x00007ffc842c7000 	C:\WINDOWS\System32\CRYPT32.dll
0x00007ffc82eb0000 - 0x00007ffc82ee0000 	C:\WINDOWS\SYSTEM32\ncrypt.dll
0x00007ffc82e60000 - 0x00007ffc82e9f000 	C:\WINDOWS\SYSTEM32\NTASN1.dll
0x00007ffc82d60000 - 0x00007ffc82d7b000 	C:\WINDOWS\SYSTEM32\CRYPTSP.dll
0x00007ffc82390000 - 0x00007ffc823cb000 	C:\WINDOWS\system32\rsaenh.dll
0x00007ffc82a30000 - 0x00007ffc82a5b000 	C:\WINDOWS\SYSTEM32\USERENV.dll
0x00007ffc83580000 - 0x00007ffc835a6000 	C:\WINDOWS\SYSTEM32\bcrypt.dll
0x00007ffc82bc0000 - 0x00007ffc82bcc000 	C:\WINDOWS\SYSTEM32\CRYPTBASE.dll
0x00007ffc81e30000 - 0x00007ffc81e64000 	C:\WINDOWS\SYSTEM32\IPHLPAPI.DLL
0x00007ffc842d0000 - 0x00007ffc842da000 	C:\WINDOWS\System32\NSI.dll
0x00007ffc6b920000 - 0x00007ffc6b930000 	C:\Program Files\Java\jdk-21\bin\verify.dll
0x00007ffc81ec0000 - 0x00007ffc81fe6000 	C:\WINDOWS\SYSTEM32\DNSAPI.dll
0x00007ffc7bed0000 - 0x00007ffc7bedb000 	C:\Windows\System32\rasadhlp.dll
0x00007ffc787f0000 - 0x00007ffc78876000 	C:\WINDOWS\System32\fwpuclnt.dll

dbghelp: loaded successfully - version: 4.0.5 - missing functions: none
symbol engine: initialized successfully - sym options: 0x614 - pdb path: .;C:\Program Files\Java\jdk-21\bin;C:\WINDOWS\SYSTEM32;C:\WINDOWS\WinSxS\amd64_microsoft.windows.common-controls_6595b64144ccf1df_6.0.26100.5074_none_3e0d6f78e32fd63f;C:\Program Files\Java\jdk-21\bin\server

VM Arguments:
jvm_args: -javaagent:C:\Program Files\JetBrains\IntelliJ IDEA Community Edition 2025.1.3\lib\idea_rt.jar=58093 -Dfile.encoding=UTF-8 -Dsun.stdout.encoding=UTF-8 -Dsun.stderr.encoding=UTF-8 
java_command: com.example.hanaservizi_e.HanaserviziEApplication
java_class_path (initial): C:\Users\USUARIO\Hana-Servizi\target\classes;C:\Users\USUARIO\.m2\repository\com\github\librepdf\openpdf\2.2.3\openpdf-2.2.3.jar;C:\Users\USUARIO\.m2\repository\org\slf4j\slf4j-api\2.0.17\slf4j-api-2.0.17.jar;C:\Users\USUARIO\.m2\repository\org\springframework\boot\spring-boot-starter-data-jdbc\3.5.3\spring-boot-starter-data-jdbc-3.5.3.jar;C:\Users\USUARIO\.m2\repository\org\springframework\boot\spring-boot-starter-jdbc\3.5.3\spring-boot-starter-jdbc-3.5.3.jar;C:\Users\USUARIO\.m2\repository\com\zaxxer\HikariCP\6.3.0\HikariCP-6.3.0.jar;C:\Users\USUARIO\.m2\repository\org\springframework\spring-jdbc\6.2.8\spring-jdbc-6.2.8.jar;C:\Users\USUARIO\.m2\repository\org\springframework\data\spring-data-jdbc\3.5.1\spring-data-jdbc-3.5.1.jar;C:\Users\USUARIO\.m2\repository\org\springframework\data\spring-data-relational\3.5.1\spring-data-relational-3.5.1.jar;C:\Users\USUARIO\.m2\repository\org\springframework\data\spring-data-commons\3.5.1\spring-data-commons-3.5.1.jar;C:\Users\USUARIO\.m2\repository\org\springframework\spring-tx\6.2.8\spring-tx-6.2.8.jar;C:\Users\USUARIO\.m2\repository\org\springframework\spring-context\6.2.8\spring-context-6.2.8.jar;C:\Users\USUARIO\.m2\repository\org\springframework\spring-beans\6.2.8\spring-beans-6.2.8.jar;C:\Users\USUARIO\.m2\repository\org\springframework\boot\spring-boot-starter-mail\3.5.3\spring-boot-starter-mail-3.5.3.jar;C:\Users\USUARIO\.m2\repository\org\springframework\boot\spring-boot-starter\3.5.3\spring-boot-starter-3.5.3.jar;C:\Users\USUARIO\.m2\repository\org\springframework\boot\spring-boot-starter-logging\3.5.3\spring-boot-starter-logging-3.5.3.jar;C:\Users\USUARIO\.m2\repository\ch\qos\logback\logback-classic\1.5.18\logback-classic-1.5.18.jar;C:\Users\USUARIO\.m2\repository\ch\qos\logback\logback-core\1.5.18\logback-core-1.5.18.jar;C:\Users\USUARIO\.m2\repository\org\apache\logging\log4j\log4j-to-slf4j\2.24.3\log4j-to-slf4j-2.24.3.jar;C:\Users\USUARIO\.m2\repository\org\apache\logging\log4j\log4j-api\2.24.3\log4j-api-2.24.3.jar;C:\Users\USUARIO\.m2\repository\org\slf4j\jul-to-slf4j\2.0.17\jul-to-slf4j-2.0.17.jar;C:\Users\USUARIO\.m2\repository\jakarta\annotation\jakarta.annotation-api\2.1.1\jakarta.annotation-api-2.1.1.jar;C:\Users\USUARIO\.m2\repository\org\yaml\snakeyaml\2.4\snakeyaml-2.4.jar;C:\Users\USUARIO\.m2\repository\org\springframework\spring-context-support\6.2.8\spring-context-support-6.2.8.jar;C:\Users\USUARIO\.m2\repository\org\eclipse\angus\jakarta.mail\2.0.3\jakarta.mail-2.0.3.jar;C:\Users\USUARIO\.m2\repository\jakarta\activation\jakarta.activation-api\2.1.3\jakarta.activation-api-2.1.3.jar;C:\Users\USUARIO\.m2\repository\org\eclipse\angus\angus-activation\2.0.2\angus-activation-2.0.2.jar;C:\Users\USUARIO\.m2\repository\org\springframework\boot\spring-boot-starter-data-jpa\3.5.3\spring-boot-starter-data-jpa-3.5.3.jar;C:\Users\USUARIO\.m2\repository\org\hibernate\orm\hibernate-core\6.6.18.Final\hibernate-core-6.6.18.Final.jar;C:\Users\USUARIO\.m2\repository\jakarta\persistence\jakarta.persistence-api\3.1.0\jakarta.persistence-api-3.1.0.jar;C:\Users\USUARIO\.m2\repository\jakarta\transaction\jakarta.transaction-api\2.0.1\jakarta.transaction-api-2.0.1.jar;C:\Users\USUARIO\.m2\repository\org\jboss\logging\jboss-logging\3.6.1.Final\jboss-logging-3.6.1.Final.jar;C:\Users\USUARIO\.m2\repository\org\hibernate\common\hibernate-commons-annotations\7.0.3.Final\hibernate-commons-annotations-7.0.3.Final.jar;C:\Users\USUARIO\.m2\repository\io\smallrye\jandex\3.2.0\jandex-3.2.0.jar;C:\Users\USUARIO\.m2\repository\com\fasterxml\classmate\1.7.0\classmate-1.7.0.jar;C:\Users\USUARIO\.m2\repository\net\bytebuddy\byte-buddy\1.17.6\byte-buddy-1.17.6.jar;C:\Users\USUARIO\.m2\repository\org\glassfish\jaxb\jaxb-runtime\4.0.5\jaxb-runtime-4.0.5.jar;C:\Users\USUARIO\.m2\repository\org\glassfish\jaxb\jaxb-core\4.0.5\jaxb-core-4.0.5.jar;C:\Users\USUARIO\.m2\repository\org\glassfish\jaxb\txw2\4.0.5\txw2-4.0.5.jar;C:\Users\USUARIO\.m2\repository\com\sun\istack\istack-commons-runtime\4.1.2\istack-commons-runtime-4.1.2.jar;C:\Users\USUARIO\.m2\repository\jakarta\inject\jakarta.inject-api\2.0.1\jakarta.inject-api-2.0.1.jar;C:\Users\USUARIO\.m2\repository\org\antlr\antlr4-runtime\4.13.0\antlr4-runtime-4.13.0.jar;C:\Users\USUARIO\.m2\repository\org\springframework\data\spring-data-jpa\3.5.1\spring-data-jpa-3.5.1.jar;C:\Users\USUARIO\.m2\repository\org\springframework\spring-orm\6.2.8\spring-orm-6.2.8.jar;C:\Users\USUARIO\.m2\repository\org\springframework\spring-aspects\6.2.8\spring-aspects-6.2.8.jar;C:\Users\USUARIO\.m2\repository\org\aspectj\aspectjweaver\1.9.24\aspectjweaver-1.9.24.jar;C:\Users\USUARIO\.m2\repository\org\springframework\boot\spring-boot-starter-security\3.5.3\spring-boot-starter-security-3.5.3.jar;C:\Users\USUARIO\.m2\repository\org\springframework\spring-aop\6.2.8\spring-aop-6.2.8.jar;C:\Users\USUARIO\.m2\repository\org\springframework\security\spring-security-config\6.5.1\spring-security-config-6.5.1.jar;C:\Users\USUARIO\.m2\repository\org\springframework\security\spring-security-web\6.5.1\spring-security-web-6.5.1.jar;C:\Users\USUARIO\.m2\repository\org\springframework\spring-expression\6.2.8\spring-expression-6.2.8.jar;C:\Users\USUARIO\.m2\repository\org\springframework\boot\spring-boot-starter-web\3.5.3\spring-boot-starter-web-3.5.3.jar;C:\Users\USUARIO\.m2\repository\org\springframework\boot\spring-boot-starter-json\3.5.3\spring-boot-starter-json-3.5.3.jar;C:\Users\USUARIO\.m2\repository\com\fasterxml\jackson\datatype\jackson-datatype-jdk8\2.19.1\jackson-datatype-jdk8-2.19.1.jar;C:\Users\USUARIO\.m2\repository\com\fasterxml\jackson\datatype\jackson-datatype-jsr310\2.19.1\jackson-datatype-jsr310-2.19.1.jar;C:\Users\USUARIO\.m2\repository\com\fasterxml\jackson\module\jackson-module-parameter-names\2.19.1\jackson-module-parameter-names-2.19.1.jar;C:\Users\USUARIO\.m2\repository\org\springframework\boot\spring-boot-starter-tomcat\3.5.3\spring-boot-starter-tomcat-3.5.3.jar;C:\Users\USUARIO\.m2\repository\org\apache\tomcat\embed\tomcat-embed-core\10.1.42\tomcat-embed-core-10.1.42.jar;C:\Users\USUARIO\.m2\repository\org\apache\tomcat\embed\tomcat-embed-websocket\10.1.42\tomcat-embed-websocket-10.1.42.jar;C:\Users\USUARIO\.m2\repository\org\springframework\spring-web\6.2.8\spring-web-6.2.8.jar;C:\Users\USUARIO\.m2\repository\io\micrometer\micrometer-observation\1.15.1\micrometer-observation-1.15.1.jar;C:\Users\USUARIO\.m2\repository\io\micrometer\micrometer-commons\1.15.1\micrometer-commons-1.15.1.jar;C:\Users\USUARIO\.m2\repository\org\springframework\spring-webmvc\6.2.8\spring-webmvc-6.2.8.jar;C:\Users\USUARIO\.m2\repository\org\springframework\boot\spring-boot-starter-thymeleaf\3.5.2\spring-boot-starter-thymeleaf-3.5.2.jar;C:\Users\USUARIO\.m2\repository\org\thymeleaf\thymeleaf-spring6\3.1.3.RELEASE\thymeleaf-spring6-3.1.3.RELEASE.jar;C:\Users\USUARIO\.m2\repository\org\thymeleaf\thymeleaf\3.1.3.RELEASE\thymeleaf-3.1.3.RELEASE.jar;C:\Users\USUARIO\.m2\repository\org\attoparser\attoparser\2.0.7.RELEASE\attoparser-2.0.7.RELEASE.jar;C:\Users\USUARIO\.m2\repository\org\unbescape\unbescape\1.1.6.RELEASE\unbescape-1.1.6.RELEASE.jar;C:\Users\USUARIO\.m2\repository\org\springframework\boot\spring-boot-devtools\3.5.3\spring-boot-devtools-3.5.3.jar;C:\Users\USUARIO\.m2\repository\org\springframework\boot\spring-boot\3.5.3\spring-boot-3.5.3.jar;C:\Users\USUARIO\.m2\repository\org\springframework\boot\spring-boot-autoconfigure\3.5.3\spring-boot-autoconfigure-3.5.3.jar;C:\Users\USUARIO\.m2\repository\com\mysql\mysql-connector-j\8.0.33\mysql-connector-j-8.0.33.jar;C:\Users\USUARIO\.m2\repository\org\projectlombok\lombok\1.18.38\lombok-1.18.38.jar;C:\Users\USUARIO\.m2\repository\jakarta\xml\bind\jakarta.xml.bind-api\4.0.2\jakarta.xml.bind-api-4.0.2.jar;C:\Users\USUARIO\.m2\repository\net\minidev\json-smart\2.5.2\json-smart-2.5.2.jar;C:\Users\USUARIO\.m2\repository\net\minidev\accessors-smart\2.5.2\accessors-smart-2.5.2.jar;C:\Users\USUARIO\.m2\repository\org\ow2\asm\asm\9.7.1\asm-9.7.1.jar;C:\Users\USUARIO\.m2\repository\org\springframework\spring-core\6.2.8\spring-core-6.2.8.jar;C:\Users\USUARIO\.m2\repository\org\springframework\spring-jcl\6.2.8\spring-jcl-6.2.8.jar;C:\Users\USUARIO\.m2\repository\org\springframework\boot\spring-boot-starter-validation\3.5.3\spring-boot-starter-validation-3.5.3.jar;C:\Users\USUARIO\.m2\repository\org\apache\tomcat\embed\tomcat-embed-el\10.1.42\tomcat-embed-el-10.1.42.jar;C:\Users\USUARIO\.m2\repository\org\hibernate\validator\hibernate-validator\8.0.2.Final\hibernate-validator-8.0.2.Final.jar;C:\Users\USUARIO\.m2\repository\jakarta\validation\jakarta.validation-api\3.0.2\jakarta.validation-api-3.0.2.jar;C:\Users\USUARIO\.m2\repository\org\springframework\boot\spring-boot-starter-oauth2-client\3.5.3\spring-boot-starter-oauth2-client-3.5.3.jar;C:\Users\USUARIO\.m2\repository\org\springframework\security\spring-security-core\6.5.1\spring-security-core-6.5.1.jar;C:\Users\USUARIO\.m2\repository\org\springframework\security\spring-security-crypto\6.5.1\spring-security-crypto-6.5.1.jar;C:\Users\USUARIO\.m2\repository\org\springframework\security\spring-security-oauth2-client\6.5.1\spring-security-oauth2-client-6.5.1.jar;C:\Users\USUARIO\.m2\repository\org\springframework\security\spring-security-oauth2-core\6.5.1\spring-security-oauth2-core-6.5.1.jar;C:\Users\USUARIO\.m2\repository\com\nimbusds\oauth2-oidc-sdk\9.43.6\oauth2-oidc-sdk-9.43.6.jar;C:\Users\USUARIO\.m2\repository\com\github\stephenc\jcip\jcip-annotations\1.0-1\jcip-annotations-1.0-1.jar;C:\Users\USUARIO\.m2\repository\com\nimbusds\content-type\2.2\content-type-2.2.jar;C:\Users\USUARIO\.m2\repository\com\nimbusds\lang-tag\1.7\lang-tag-1.7.jar;C:\Users\USUARIO\.m2\repository\org\springframework\security\spring-security-oauth2-jose\6.5.1\spring-security-oauth2-jose-6.5.1.jar;C:\Users\USUARIO\.m2\repository\com\nimbusds\nimbus-jose-jwt\9.37.3\nimbus-jose-jwt-9.37.3.jar;C:\Users\USUARIO\.m2\repository\org\xhtmlrenderer\flying-saucer-pdf\9.1.22\flying-saucer-pdf-9.1.22.jar;C:\Users\USUARIO\.m2\repository\com\lowagie\itext\2.1.7\itext-2.1.7.jar;C:\Users\USUARIO\.m2\repository\org\bouncycastle\bcmail-jdk14\1.64\bcmail-jdk14-1.64.jar;C:\Users\USUARIO\.m2\repository\org\bouncycastle\bcpkix-jdk14\1.64\bcpkix-jdk14-1.64.jar;C:\Users\USUARIO\.m2\repository\org\bouncycastle\bctsp-jdk14\1.46\bctsp-jdk14-1.46.jar;C:\Users\USUARIO\.m2\repository\org\bouncycastle\bcprov-jdk14\1.64\bcprov-jdk14-1.64.jar;C:\Users\USUARIO\.m2\repository\org\xhtmlrenderer\flying-saucer-core\9.1.22\flying-saucer-core-9.1.22.jar;C:\Users\USUARIO\.m2\repository\org\springframework\boot\spring-boot-starter-webflux\3.5.3\spring-boot-starter-webflux-3.5.3.jar;C:\Users\USUARIO\.m2\repository\org\springframework\boot\spring-boot-starter-reactor-netty\3.5.3\spring-boot-starter-reactor-netty-3.5.3.jar;C:\Users\USUARIO\.m2\repository\io\projectreactor\netty\reactor-netty-http\1.2.7\reactor-netty-http-1.2.7.jar;C:\Users\USUARIO\.m2\repository\io\netty\netty-codec-http\4.1.122.Final\netty-codec-http-4.1.122.Final.jar;C:\Users\USUARIO\.m2\repository\io\netty\netty-common\4.1.122.Final\netty-common-4.1.122.Final.jar;C:\Users\USUARIO\.m2\repository\io\netty\netty-buffer\4.1.122.Final\netty-buffer-4.1.122.Final.jar;C:\Users\USUARIO\.m2\repository\io\netty\netty-transport\4.1.122.Final\netty-transport-4.1.122.Final.jar;C:\Users\USUARIO\.m2\repository\io\netty\netty-codec\4.1.122.Final\netty-codec-4.1.122.Final.jar;C:\Users\USUARIO\.m2\repository\io\netty\netty-handler\4.1.122.Final\netty-handler-4.1.122.Final.jar;C:\Users\USUARIO\.m2\repository\io\netty\netty-codec-http2\4.1.122.Final\netty-codec-http2-4.1.122.Final.jar;C:\Users\USUARIO\.m2\repository\io\netty\netty-resolver-dns\4.1.122.Final\netty-resolver-dns-4.1.122.Final.jar;C:\Users\USUARIO\.m2\repository\io\netty\netty-resolver\4.1.122.Final\netty-resolver-4.1.122.Final.jar;C:\Users\USUARIO\.m2\repository\io\netty\netty-codec-dns\4.1.122.Final\netty-codec-dns-4.1.122.Final.jar;C:\Users\USUARIO\.m2\repository\io\netty\netty-resolver-dns-native-macos\4.1.122.Final\netty-resolver-dns-native-macos-4.1.122.Final-osx-x86_64.jar;C:\Users\USUARIO\.m2\repository\io\netty\netty-resolver-dns-classes-macos\4.1.122.Final\netty-resolver-dns-classes-macos-4.1.122.Final.jar;C:\Users\USUARIO\.m2\repository\io\netty\netty-transport-native-epoll\4.1.122.Final\netty-transport-native-epoll-4.1.122.Final-linux-x86_64.jar;C:\Users\USUARIO\.m2\repository\io\netty\netty-transport-native-unix-common\4.1.122.Final\netty-transport-native-unix-common-4.1.122.Final.jar;C:\Users\USUARIO\.m2\repository\io\netty\netty-transport-classes-epoll\4.1.122.Final\netty-transport-classes-epoll-4.1.122.Final.jar;C:\Users\USUARIO\.m2\repository\io\projectreactor\netty\reactor-netty-core\1.2.7\reactor-netty-core-1.2.7.jar;C:\Users\USUARIO\.m2\repository\io\netty\netty-handler-proxy\4.1.122.Final\netty-handler-proxy-4.1.122.Final.jar;C:\Users\USUARIO\.m2\repository\io\netty\netty-codec-socks\4.1.122.Final\netty-codec-socks-4.1.122.Final.jar;C:\Users\USUARIO\.m2\repository\org\springframework\spring-webflux\6.2.8\spring-webflux-6.2.8.jar;C:\Users\USUARIO\.m2\repository\io\projectreactor\reactor-core\3.7.7\reactor-core-3.7.7.jar;C:\Users\USUARIO\.m2\repository\org\reactivestreams\reactive-streams\1.0.4\reactive-streams-1.0.4.jar;C:\Users\USUARIO\.m2\repository\org\json\json\20240303\json-20240303.jar;C:\Users\USUARIO\.m2\repository\com\squareup\okhttp3\okhttp\4.9.3\okhttp-4.9.3.jar;C:\Users\USUARIO\.m2\repository\com\squareup\okio\okio\2.8.0\okio-2.8.0.jar;C:\Users\USUARIO\.m2\repository\org\jetbrains\kotlin\kotlin-stdlib-common\1.9.25\kotlin-stdlib-common-1.9.25.jar;C:\Users\USUARIO\.m2\repository\org\jetbrains\kotlin\kotlin-stdlib\1.9.25\kotlin-stdlib-1.9.25.jar;C:\Users\USUARIO\.m2\repository\org\jetbrains\annotations\13.0\annotations-13.0.jar;C:\Users\USUARIO\.m2\repository\com\fasterxml\jackson\core\jackson-databind\2.15.2\jackson-databind-2.15.2.jar;C:\Users\USUARIO\.m2\repository\com\fasterxml\jackson\core\jackson-annotations\2.19.1\jackson-annotations-2.19.1.jar;C:\Users\USUARIO\.m2\repository\com\fasterxml\jackson\core\jackson-core\2.19.1\jackson-core-2.19.1.jar
Launcher Type: SUN_STANDARD

[Global flags]
     intx CICompilerCount                          = 4                                         {product} {ergonomic}
     uint ConcGCThreads                            = 3                                         {product} {ergonomic}
     uint G1ConcRefinementThreads                  = 10                                        {product} {ergonomic}
   size_t G1HeapRegionSize                         = 2097152                                   {product} {ergonomic}
    uintx GCDrainStackTargetSize                   = 64                                        {product} {ergonomic}
   size_t InitialHeapSize                          = 234881024                                 {product} {ergonomic}
   size_t MarkStackSize                            = 4194304                                   {product} {ergonomic}
   size_t MaxHeapSize                              = 3730833408                                {product} {ergonomic}
   size_t MaxNewSize                               = 2237661184                                {product} {ergonomic}
   size_t MinHeapDeltaBytes                        = 2097152                                   {product} {ergonomic}
   size_t MinHeapSize                              = 8388608                                   {product} {ergonomic}
    uintx NonNMethodCodeHeapSize                   = 5839372                                {pd product} {ergonomic}
    uintx NonProfiledCodeHeapSize                  = 122909434                              {pd product} {ergonomic}
    uintx ProfiledCodeHeapSize                     = 122909434                              {pd product} {ergonomic}
    uintx ReservedCodeCacheSize                    = 251658240                              {pd product} {ergonomic}
     bool SegmentedCodeCache                       = true                                      {product} {ergonomic}
   size_t SoftMaxHeapSize                          = 3730833408                             {manageable} {ergonomic}
     bool UseCompressedOops                        = true                           {product lp64_product} {ergonomic}
     bool UseG1GC                                  = true                                      {product} {ergonomic}
     bool UseLargePagesIndividualAllocation        = false                                  {pd product} {ergonomic}

Logging:
Log output configuration:
 #0: stdout all=warning uptime,level,tags foldmultilines=false
 #1: stderr all=off uptime,level,tags foldmultilines=false

Environment Variables:
PATH=C:\Program Files\Common Files\Oracle\Java\javapath;C:\Program Files (x86)\Common Files\Oracle\Java\javapath;C:\WINDOWS\system32;C:\WINDOWS;C:\WINDOWS\System32\Wbem;C:\WINDOWS\System32\WindowsPowerShell\v1.0\;C:\WINDOWS\System32\OpenSSH\;C:\xampp\php;C:\ProgramData\ComposerSetup\bin;C:\Program Files\MongoDB;C:\Program Files\nodejs\;C:\Program Files\Git\cmd;C:\flutter\bin;C:\Program Files\Microsoft SQL Server\150\Tools\Binn\;C:\Program Files\Microsoft SQL Server\Client SDK\ODBC\170\Tools\Binn\;C:\Program Files\dotnet\;C:\Program Files (x86)\Windows Kits\10\Windows Performance Toolkit\;C:\apache-maven\apache-maven-3.9.11-bin\apache-maven-3.9.11\bin;%JAVA_HOME%\bin;C:\Users\USUARIO\AppData\Local\Microsoft\WindowsApps;C:\Users\USUARIO\AppData\Local\Programs\Microsoft VS Code\bin;C:\Users\USUARIO\AppData\Roaming\Composer\vendor\bin;C:\Program Files\MongoDB;C:\Users\USUARIO\AppData\Roaming\npm;C:\Users\USUARIO\flutter\bin;C:\Users\USUARIO\.dotnet\tools;C:\apache-maven\apache-maven-3.9.11-bin\apache-maven-3.9.11\bin;%JAVA_HOME%\bin;
USERNAME=USUARIO
OS=Windows_NT
PROCESSOR_IDENTIFIER=AMD64 Family 25 Model 80 Stepping 0, AuthenticAMD
TMP=C:\Users\USUARIO\AppData\Local\Temp
TEMP=C:\Users\USUARIO\AppData\Local\Temp




Periodic native trim disabled

---------------  S Y S T E M  ---------------

OS:
 Windows 11 , 64 bit Build 26100 (10.0.26100.5074)
OS uptime: 0 days 3:53 hours
Hyper-V role detected

CPU: total 12 (initial active 12) (12 cores per cpu, 2 threads per core) family 25 model 80 stepping 0 microcode 0xa50000f, cx8, cmov, fxsr, ht, mmx, 3dnowpref, sse, sse2, sse3, ssse3, sse4a, sse4.1, sse4.2, popcnt, lzcnt, tsc, tscinvbit, avx, avx2, aes, erms, clmul, bmi1, bmi2, adx, sha, fma, vzeroupper, clflush, clflushopt, hv, rdtscp, rdpid, fsrm, f16c, cet_ss
Processor Information for all 12 processors :
  Max Mhz: 3600, Current Mhz: 3600, Mhz Limit: 3600

Memory: 4k page, system-wide physical 14229M (2262M free)
TotalPageFile size 18581M (AvailPageFile size 2023M)
current process WorkingSet (physical memory assigned to process): 544M, peak: 550M
current process commit charge ("private bytes"): 584M, peak: 591M

vm_info: Java HotSpot(TM) 64-Bit Server VM (21.0.7+8-LTS-245) for windows-amd64 JRE (21.0.7+8-LTS-245), built on 2025-02-21T05:11:27Z by "mach5one" with MS VC++ 17.6 (VS2022)

END.
